The system is: Darwin - 17.3.0 - x86_64
Compiling the C compiler identification source file "CMakeCCompilerId.c" succeeded.
Compiler: /usr/local/bin/arm-none-eabi-gcc 
Build flags: -mthumb;-fno-builtin;-mcpu=cortex-m4;-mfpu=fpv4-sp-d16;-mfloat-abi=softfp;-Wall;-std=gnu99;-ffunction-sections;-fdata-sections;-fomit-frame-pointer;-mabi=aapcs;-fno-unroll-loops;-ffast-math;-ftree-vectorize
Id flags: -c 

The output was:
0


Compilation of the C compiler identification source "CMakeCCompilerId.c" produced "CMakeCCompilerId.o"

The C compiler identification is GNU, found in "/Users/vagif/workspace/eclipse/cmaketest/CMakeFiles/3.10.0/CompilerIdC/CMakeCCompilerId.o"

Compiling the CXX compiler identification source file "CMakeCXXCompilerId.cpp" succeeded.
Compiler: /usr/local/bin/arm-none-eabi-g++ 
Build flags: -mthumb;-fno-builtin;-mcpu=cortex-m4;-mfpu=fpv4-sp-d16;-mfloat-abi=softfp;-Wall;-std=c++11;-ffunction-sections;-fdata-sections;-fomit-frame-pointer;-mabi=aapcs;-fno-unroll-loops;-ffast-math;-ftree-vectorize
Id flags: -c 

The output was:
0


Compilation of the CXX compiler identification source "CMakeCXXCompilerId.cpp" produced "CMakeCXXCompilerId.o"

The CXX compiler identification is GNU, found in "/Users/vagif/workspace/eclipse/cmaketest/CMakeFiles/3.10.0/CompilerIdCXX/CMakeCXXCompilerId.o"

Determining if the C compiler works passed with the following output:
Change Dir: /Users/vagif/workspace/eclipse/cmaketest/CMakeFiles/CMakeTmp

Run Build Command:"/usr/bin/make" "cmTC_b8e4a/fast"
/Library/Developer/CommandLineTools/usr/bin/make -f CMakeFiles/cmTC_b8e4a.dir/build.make CMakeFiles/cmTC_b8e4a.dir/build
Building C object CMakeFiles/cmTC_b8e4a.dir/testCCompiler.c.o
/usr/local/bin/arm-none-eabi-gcc   -mthumb -fno-builtin -mcpu=cortex-m4 -mfpu=fpv4-sp-d16 -mfloat-abi=softfp -Wall -std=gnu99 -ffunction-sections -fdata-sections -fomit-frame-pointer -mabi=aapcs -fno-unroll-loops -ffast-math -ftree-vectorize    -o CMakeFiles/cmTC_b8e4a.dir/testCCompiler.c.o   -c /Users/vagif/workspace/eclipse/cmaketest/CMakeFiles/CMakeTmp/testCCompiler.c
Linking C executable cmTC_b8e4a
/usr/local/Cellar/cmake/3.10.0/bin/cmake -E cmake_link_script CMakeFiles/cmTC_b8e4a.dir/link.txt --verbose=1
/usr/local/bin/arm-none-eabi-gcc -mthumb -fno-builtin -mcpu=cortex-m4 -mfpu=fpv4-sp-d16 -mfloat-abi=softfp -Wall -std=gnu99 -ffunction-sections -fdata-sections -fomit-frame-pointer -mabi=aapcs -fno-unroll-loops -ffast-math -ftree-vectorize  -Wl,-search_paths_first -Wl,-headerpad_max_install_names -Wl,--gc-sections -mthumb -mcpu=cortex-m4 -mfpu=fpv4-sp-d16 -mfloat-abi=softfp -mabi=aapcs  CMakeFiles/cmTC_b8e4a.dir/testCCompiler.c.o  -o cmTC_b8e4a 
/usr/local/Caskroom/gcc-arm-embedded/6-2017-q2-update/gcc-arm-none-eabi-6-2017-q2-update/bin/../lib/gcc/arm-none-eabi/6.3.1/../../../../arm-none-eabi/bin/ld: warning: cannot find entry symbol arch_paths_first; defaulting to 000000000000800c


Detecting C compiler ABI info compiled with the following output:
Change Dir: /Users/vagif/workspace/eclipse/cmaketest/CMakeFiles/CMakeTmp

Run Build Command:"/usr/bin/make" "cmTC_3d46b/fast"
/Library/Developer/CommandLineTools/usr/bin/make -f CMakeFiles/cmTC_3d46b.dir/build.make CMakeFiles/cmTC_3d46b.dir/build
Building C object CMakeFiles/cmTC_3d46b.dir/CMakeCCompilerABI.c.o
/usr/local/bin/arm-none-eabi-gcc   -mthumb -fno-builtin -mcpu=cortex-m4 -mfpu=fpv4-sp-d16 -mfloat-abi=softfp -Wall -std=gnu99 -ffunction-sections -fdata-sections -fomit-frame-pointer -mabi=aapcs -fno-unroll-loops -ffast-math -ftree-vectorize    -o CMakeFiles/cmTC_3d46b.dir/CMakeCCompilerABI.c.o   -c /usr/local/Cellar/cmake/3.10.0/share/cmake/Modules/CMakeCCompilerABI.c
Linking C executable cmTC_3d46b
/usr/local/Cellar/cmake/3.10.0/bin/cmake -E cmake_link_script CMakeFiles/cmTC_3d46b.dir/link.txt --verbose=1
/usr/local/bin/arm-none-eabi-gcc -mthumb -fno-builtin -mcpu=cortex-m4 -mfpu=fpv4-sp-d16 -mfloat-abi=softfp -Wall -std=gnu99 -ffunction-sections -fdata-sections -fomit-frame-pointer -mabi=aapcs -fno-unroll-loops -ffast-math -ftree-vectorize  -Wl,-search_paths_first -Wl,-headerpad_max_install_names -Wl,--gc-sections -mthumb -mcpu=cortex-m4 -mfpu=fpv4-sp-d16 -mfloat-abi=softfp -mabi=aapcs -v -Wl,-v CMakeFiles/cmTC_3d46b.dir/CMakeCCompilerABI.c.o  -o cmTC_3d46b 
Using built-in specs.
COLLECT_GCC=/usr/local/bin/arm-none-eabi-gcc
COLLECT_LTO_WRAPPER=/usr/local/Caskroom/gcc-arm-embedded/6-2017-q2-update/gcc-arm-none-eabi-6-2017-q2-update/bin/../lib/gcc/arm-none-eabi/6.3.1/lto-wrapper
Target: arm-none-eabi
Configured with: /tmp/jenkins-GCC-6-build_build-toolchain-mac-262_20170621_1498074986/src/gcc/configure --target=arm-none-eabi --prefix=/tmp/jenkins-GCC-6-build_build-toolchain-mac-262_20170621_1498074986/install-native --libexecdir=/tmp/jenkins-GCC-6-build_build-toolchain-mac-262_20170621_1498074986/install-native/lib --infodir=/tmp/jenkins-GCC-6-build_build-toolchain-mac-262_20170621_1498074986/install-native/share/doc/gcc-arm-none-eabi/info --mandir=/tmp/jenkins-GCC-6-build_build-toolchain-mac-262_20170621_1498074986/install-native/share/doc/gcc-arm-none-eabi/man --htmldir=/tmp/jenkins-GCC-6-build_build-toolchain-mac-262_20170621_1498074986/install-native/share/doc/gcc-arm-none-eabi/html --pdfdir=/tmp/jenkins-GCC-6-build_build-toolchain-mac-262_20170621_1498074986/install-native/share/doc/gcc-arm-none-eabi/pdf --enable-languages=c,c++ --enable-plugins --disable-decimal-float --disable-libffi --disable-libgomp --disable-libmudflap --disable-libquadmath --disable-libssp --disable-libstdcxx-pch --disable-nls --disable-shared --disable-threads --disable-tls --with-gnu-as --with-gnu-ld --with-newlib --with-headers=yes --with-python-dir=share/gcc-arm-none-eabi --with-sysroot=/tmp/jenkins-GCC-6-build_build-toolchain-mac-262_20170621_1498074986/install-native/arm-none-eabi --build=x86_64-apple-darwin10 --host=x86_64-apple-darwin10 --with-gmp=/tmp/jenkins-GCC-6-build_build-toolchain-mac-262_20170621_1498074986/build-native/host-libs/usr --with-mpfr=/tmp/jenkins-GCC-6-build_build-toolchain-mac-262_20170621_1498074986/build-native/host-libs/usr --with-mpc=/tmp/jenkins-GCC-6-build_build-toolchain-mac-262_20170621_1498074986/build-native/host-libs/usr --with-isl=/tmp/jenkins-GCC-6-build_build-toolchain-mac-262_20170621_1498074986/build-native/host-libs/usr --with-libelf=/tmp/jenkins-GCC-6-build_build-toolchain-mac-262_20170621_1498074986/build-native/host-libs/usr --with-host-libstdcxx='-static-libgcc -Wl,-lstdc++ -lm' --with-pkgversion='GNU Tools for ARM Embedded Processors 6-2017-q2-update' --with-multilib-list=rmprofile
Thread model: single
gcc version 6.3.1 20170620 (release) [ARM/embedded-6-branch revision 249437] (GNU Tools for ARM Embedded Processors 6-2017-q2-update) 
COMPILER_PATH=/usr/local/Caskroom/gcc-arm-embedded/6-2017-q2-update/gcc-arm-none-eabi-6-2017-q2-update/bin/../lib/gcc/arm-none-eabi/6.3.1/:/usr/local/Caskroom/gcc-arm-embedded/6-2017-q2-update/gcc-arm-none-eabi-6-2017-q2-update/bin/../lib/gcc/:/usr/local/Caskroom/gcc-arm-embedded/6-2017-q2-update/gcc-arm-none-eabi-6-2017-q2-update/bin/../lib/gcc/arm-none-eabi/6.3.1/../../../../arm-none-eabi/bin/
LIBRARY_PATH=/usr/local/Caskroom/gcc-arm-embedded/6-2017-q2-update/gcc-arm-none-eabi-6-2017-q2-update/bin/../lib/gcc/arm-none-eabi/6.3.1/thumb/v7e-m/fpv4-sp/softfp/:/usr/local/Caskroom/gcc-arm-embedded/6-2017-q2-update/gcc-arm-none-eabi-6-2017-q2-update/bin/../lib/gcc/arm-none-eabi/6.3.1/../../../../arm-none-eabi/lib/thumb/v7e-m/fpv4-sp/softfp/:/usr/local/Caskroom/gcc-arm-embedded/6-2017-q2-update/gcc-arm-none-eabi-6-2017-q2-update/bin/../arm-none-eabi/lib/thumb/v7e-m/fpv4-sp/softfp/:/usr/local/Caskroom/gcc-arm-embedded/6-2017-q2-update/gcc-arm-none-eabi-6-2017-q2-update/bin/../lib/gcc/arm-none-eabi/6.3.1/:/usr/local/Caskroom/gcc-arm-embedded/6-2017-q2-update/gcc-arm-none-eabi-6-2017-q2-update/bin/../lib/gcc/:/usr/local/Caskroom/gcc-arm-embedded/6-2017-q2-update/gcc-arm-none-eabi-6-2017-q2-update/bin/../lib/gcc/arm-none-eabi/6.3.1/../../../../arm-none-eabi/lib/:/usr/local/Caskroom/gcc-arm-embedded/6-2017-q2-update/gcc-arm-none-eabi-6-2017-q2-update/bin/../arm-none-eabi/lib/
COLLECT_GCC_OPTIONS='-mthumb' '-fno-builtin' '-mcpu=cortex-m4' '-mfpu=fpv4-sp-d16' '-mfloat-abi=softfp' '-Wall' '-std=gnu99' '-ffunction-sections' '-fdata-sections' '-fomit-frame-pointer' '-mabi=aapcs' '-fno-unroll-loops' '-ffast-math' '-ftree-vectorize' '-mthumb' '-mcpu=cortex-m4' '-mfpu=fpv4-sp-d16' '-mfloat-abi=softfp' '-mabi=aapcs' '-v' '-o' 'cmTC_3d46b'
 /usr/local/Caskroom/gcc-arm-embedded/6-2017-q2-update/gcc-arm-none-eabi-6-2017-q2-update/bin/../lib/gcc/arm-none-eabi/6.3.1/collect2 -plugin /usr/local/Caskroom/gcc-arm-embedded/6-2017-q2-update/gcc-arm-none-eabi-6-2017-q2-update/bin/../lib/gcc/arm-none-eabi/6.3.1/liblto_plugin.so -plugin-opt=/usr/local/Caskroom/gcc-arm-embedded/6-2017-q2-update/gcc-arm-none-eabi-6-2017-q2-update/bin/../lib/gcc/arm-none-eabi/6.3.1/lto-wrapper -plugin-opt=-fresolution=/var/folders/9c/gjxt7_nj7zvf3qx56p1qg8g00000gq/T//cckasmZD.res -plugin-opt=-pass-through=-lgcc -plugin-opt=-pass-through=-lc --sysroot=/usr/local/Caskroom/gcc-arm-embedded/6-2017-q2-update/gcc-arm-none-eabi-6-2017-q2-update/bin/../arm-none-eabi -X -o cmTC_3d46b /usr/local/Caskroom/gcc-arm-embedded/6-2017-q2-update/gcc-arm-none-eabi-6-2017-q2-update/bin/../lib/gcc/arm-none-eabi/6.3.1/thumb/v7e-m/fpv4-sp/softfp/crtfastmath.o /usr/local/Caskroom/gcc-arm-embedded/6-2017-q2-update/gcc-arm-none-eabi-6-2017-q2-update/bin/../lib/gcc/arm-none-eabi/6.3.1/thumb/v7e-m/fpv4-sp/softfp/crti.o /usr/local/Caskroom/gcc-arm-embedded/6-2017-q2-update/gcc-arm-none-eabi-6-2017-q2-update/bin/../lib/gcc/arm-none-eabi/6.3.1/thumb/v7e-m/fpv4-sp/softfp/crtbegin.o /usr/local/Caskroom/gcc-arm-embedded/6-2017-q2-update/gcc-arm-none-eabi-6-2017-q2-update/bin/../lib/gcc/arm-none-eabi/6.3.1/../../../../arm-none-eabi/lib/thumb/v7e-m/fpv4-sp/softfp/crt0.o -L/usr/local/Caskroom/gcc-arm-embedded/6-2017-q2-update/gcc-arm-none-eabi-6-2017-q2-update/bin/../lib/gcc/arm-none-eabi/6.3.1/thumb/v7e-m/fpv4-sp/softfp -L/usr/local/Caskroom/gcc-arm-embedded/6-2017-q2-update/gcc-arm-none-eabi-6-2017-q2-update/bin/../lib/gcc/arm-none-eabi/6.3.1/../../../../arm-none-eabi/lib/thumb/v7e-m/fpv4-sp/softfp -L/usr/local/Caskroom/gcc-arm-embedded/6-2017-q2-update/gcc-arm-none-eabi-6-2017-q2-update/bin/../arm-none-eabi/lib/thumb/v7e-m/fpv4-sp/softfp -L/usr/local/Caskroom/gcc-arm-embedded/6-2017-q2-update/gcc-arm-none-eabi-6-2017-q2-update/bin/../lib/gcc/arm-none-eabi/6.3.1 -L/usr/local/Caskroom/gcc-arm-embedded/6-2017-q2-update/gcc-arm-none-eabi-6-2017-q2-update/bin/../lib/gcc -L/usr/local/Caskroom/gcc-arm-embedded/6-2017-q2-update/gcc-arm-none-eabi-6-2017-q2-update/bin/../lib/gcc/arm-none-eabi/6.3.1/../../../../arm-none-eabi/lib -L/usr/local/Caskroom/gcc-arm-embedded/6-2017-q2-update/gcc-arm-none-eabi-6-2017-q2-update/bin/../arm-none-eabi/lib -search_paths_first -headerpad_max_install_names --gc-sections -v CMakeFiles/cmTC_3d46b.dir/CMakeCCompilerABI.c.o --start-group -lgcc -lc --end-group /usr/local/Caskroom/gcc-arm-embedded/6-2017-q2-update/gcc-arm-none-eabi-6-2017-q2-update/bin/../lib/gcc/arm-none-eabi/6.3.1/thumb/v7e-m/fpv4-sp/softfp/crtend.o /usr/local/Caskroom/gcc-arm-embedded/6-2017-q2-update/gcc-arm-none-eabi-6-2017-q2-update/bin/../lib/gcc/arm-none-eabi/6.3.1/thumb/v7e-m/fpv4-sp/softfp/crtn.o
collect2 version 6.3.1 20170620 (release) [ARM/embedded-6-branch revision 249437]
/usr/local/Caskroom/gcc-arm-embedded/6-2017-q2-update/gcc-arm-none-eabi-6-2017-q2-update/bin/../lib/gcc/arm-none-eabi/6.3.1/../../../../arm-none-eabi/bin/ld -plugin /usr/local/Caskroom/gcc-arm-embedded/6-2017-q2-update/gcc-arm-none-eabi-6-2017-q2-update/bin/../lib/gcc/arm-none-eabi/6.3.1/liblto_plugin.so -plugin-opt=/usr/local/Caskroom/gcc-arm-embedded/6-2017-q2-update/gcc-arm-none-eabi-6-2017-q2-update/bin/../lib/gcc/arm-none-eabi/6.3.1/lto-wrapper -plugin-opt=-fresolution=/var/folders/9c/gjxt7_nj7zvf3qx56p1qg8g00000gq/T//cckasmZD.res -plugin-opt=-pass-through=-lgcc -plugin-opt=-pass-through=-lc --sysroot=/usr/local/Caskroom/gcc-arm-embedded/6-2017-q2-update/gcc-arm-none-eabi-6-2017-q2-update/bin/../arm-none-eabi -X -o cmTC_3d46b /usr/local/Caskroom/gcc-arm-embedded/6-2017-q2-update/gcc-arm-none-eabi-6-2017-q2-update/bin/../lib/gcc/arm-none-eabi/6.3.1/thumb/v7e-m/fpv4-sp/softfp/crtfastmath.o /usr/local/Caskroom/gcc-arm-embedded/6-2017-q2-update/gcc-arm-none-eabi-6-2017-q2-update/bin/../lib/gcc/arm-none-eabi/6.3.1/thumb/v7e-m/fpv4-sp/softfp/crti.o /usr/local/Caskroom/gcc-arm-embedded/6-2017-q2-update/gcc-arm-none-eabi-6-2017-q2-update/bin/../lib/gcc/arm-none-eabi/6.3.1/thumb/v7e-m/fpv4-sp/softfp/crtbegin.o /usr/local/Caskroom/gcc-arm-embedded/6-2017-q2-update/gcc-arm-none-eabi-6-2017-q2-update/bin/../lib/gcc/arm-none-eabi/6.3.1/../../../../arm-none-eabi/lib/thumb/v7e-m/fpv4-sp/softfp/crt0.o -L/usr/local/Caskroom/gcc-arm-embedded/6-2017-q2-update/gcc-arm-none-eabi-6-2017-q2-update/bin/../lib/gcc/arm-none-eabi/6.3.1/thumb/v7e-m/fpv4-sp/softfp -L/usr/local/Caskroom/gcc-arm-embedded/6-2017-q2-update/gcc-arm-none-eabi-6-2017-q2-update/bin/../lib/gcc/arm-none-eabi/6.3.1/../../../../arm-none-eabi/lib/thumb/v7e-m/fpv4-sp/softfp -L/usr/local/Caskroom/gcc-arm-embedded/6-2017-q2-update/gcc-arm-none-eabi-6-2017-q2-update/bin/../arm-none-eabi/lib/thumb/v7e-m/fpv4-sp/softfp -L/usr/local/Caskroom/gcc-arm-embedded/6-2017-q2-update/gcc-arm-none-eabi-6-2017-q2-update/bin/../lib/gcc/arm-none-eabi/6.3.1 -L/usr/local/Caskroom/gcc-arm-embedded/6-2017-q2-update/gcc-arm-none-eabi-6-2017-q2-update/bin/../lib/gcc -L/usr/local/Caskroom/gcc-arm-embedded/6-2017-q2-update/gcc-arm-none-eabi-6-2017-q2-update/bin/../lib/gcc/arm-none-eabi/6.3.1/../../../../arm-none-eabi/lib -L/usr/local/Caskroom/gcc-arm-embedded/6-2017-q2-update/gcc-arm-none-eabi-6-2017-q2-update/bin/../arm-none-eabi/lib -search_paths_first -headerpad_max_install_names --gc-sections -v CMakeFiles/cmTC_3d46b.dir/CMakeCCompilerABI.c.o --start-group -lgcc -lc --end-group /usr/local/Caskroom/gcc-arm-embedded/6-2017-q2-update/gcc-arm-none-eabi-6-2017-q2-update/bin/../lib/gcc/arm-none-eabi/6.3.1/thumb/v7e-m/fpv4-sp/softfp/crtend.o /usr/local/Caskroom/gcc-arm-embedded/6-2017-q2-update/gcc-arm-none-eabi-6-2017-q2-update/bin/../lib/gcc/arm-none-eabi/6.3.1/thumb/v7e-m/fpv4-sp/softfp/crtn.o
GNU ld (GNU Tools for ARM Embedded Processors 6-2017-q2-update) 2.28.0.20170620/usr/local/Caskroom/gcc-arm-embedded/6-2017-q2-update/gcc-arm-none-eabi-6-2017-q2-update/bin/../lib/gcc/arm-none-eabi/6.3.1/../../../../arm-none-eabi/bin/ld: warning: cannot find entry symbol arch_paths_first; defaulting to 000000000000800c

COLLECT_GCC_OPTIONS='-mthumb' '-fno-builtin' '-mcpu=cortex-m4' '-mfpu=fpv4-sp-d16' '-mfloat-abi=softfp' '-Wall' '-std=gnu99' '-ffunction-sections' '-fdata-sections' '-fomit-frame-pointer' '-mabi=aapcs' '-fno-unroll-loops' '-ffast-math' '-ftree-vectorize' '-mthumb' '-mcpu=cortex-m4' '-mfpu=fpv4-sp-d16' '-mfloat-abi=softfp' '-mabi=aapcs' '-v' '-o' 'cmTC_3d46b'


Parsed C implicit link information from above output:
  link line regex: [^( *|.*[/\])(ld|CMAKE_LINK_STARTFILE-NOTFOUND|([^/\]+-)?ld|collect2)[^/\]*( |$)]
  ignore line: [Change Dir: /Users/vagif/workspace/eclipse/cmaketest/CMakeFiles/CMakeTmp]
  ignore line: []
  ignore line: [Run Build Command:"/usr/bin/make" "cmTC_3d46b/fast"]
  ignore line: [/Library/Developer/CommandLineTools/usr/bin/make -f CMakeFiles/cmTC_3d46b.dir/build.make CMakeFiles/cmTC_3d46b.dir/build]
  ignore line: [Building C object CMakeFiles/cmTC_3d46b.dir/CMakeCCompilerABI.c.o]
  ignore line: [/usr/local/bin/arm-none-eabi-gcc   -mthumb -fno-builtin -mcpu=cortex-m4 -mfpu=fpv4-sp-d16 -mfloat-abi=softfp -Wall -std=gnu99 -ffunction-sections -fdata-sections -fomit-frame-pointer -mabi=aapcs -fno-unroll-loops -ffast-math -ftree-vectorize    -o CMakeFiles/cmTC_3d46b.dir/CMakeCCompilerABI.c.o   -c /usr/local/Cellar/cmake/3.10.0/share/cmake/Modules/CMakeCCompilerABI.c]
  ignore line: [Linking C executable cmTC_3d46b]
  ignore line: [/usr/local/Cellar/cmake/3.10.0/bin/cmake -E cmake_link_script CMakeFiles/cmTC_3d46b.dir/link.txt --verbose=1]
  ignore line: [/usr/local/bin/arm-none-eabi-gcc -mthumb -fno-builtin -mcpu=cortex-m4 -mfpu=fpv4-sp-d16 -mfloat-abi=softfp -Wall -std=gnu99 -ffunction-sections -fdata-sections -fomit-frame-pointer -mabi=aapcs -fno-unroll-loops -ffast-math -ftree-vectorize  -Wl,-search_paths_first -Wl,-headerpad_max_install_names -Wl,--gc-sections -mthumb -mcpu=cortex-m4 -mfpu=fpv4-sp-d16 -mfloat-abi=softfp -mabi=aapcs -v -Wl,-v CMakeFiles/cmTC_3d46b.dir/CMakeCCompilerABI.c.o  -o cmTC_3d46b ]
  ignore line: [Using built-in specs.]
  ignore line: [COLLECT_GCC=/usr/local/bin/arm-none-eabi-gcc]
  ignore line: [COLLECT_LTO_WRAPPER=/usr/local/Caskroom/gcc-arm-embedded/6-2017-q2-update/gcc-arm-none-eabi-6-2017-q2-update/bin/../lib/gcc/arm-none-eabi/6.3.1/lto-wrapper]
  ignore line: [Target: arm-none-eabi]
  ignore line: [Configured with: /tmp/jenkins-GCC-6-build_build-toolchain-mac-262_20170621_1498074986/src/gcc/configure --target=arm-none-eabi --prefix=/tmp/jenkins-GCC-6-build_build-toolchain-mac-262_20170621_1498074986/install-native --libexecdir=/tmp/jenkins-GCC-6-build_build-toolchain-mac-262_20170621_1498074986/install-native/lib --infodir=/tmp/jenkins-GCC-6-build_build-toolchain-mac-262_20170621_1498074986/install-native/share/doc/gcc-arm-none-eabi/info --mandir=/tmp/jenkins-GCC-6-build_build-toolchain-mac-262_20170621_1498074986/install-native/share/doc/gcc-arm-none-eabi/man --htmldir=/tmp/jenkins-GCC-6-build_build-toolchain-mac-262_20170621_1498074986/install-native/share/doc/gcc-arm-none-eabi/html --pdfdir=/tmp/jenkins-GCC-6-build_build-toolchain-mac-262_20170621_1498074986/install-native/share/doc/gcc-arm-none-eabi/pdf --enable-languages=c,c++ --enable-plugins --disable-decimal-float --disable-libffi --disable-libgomp --disable-libmudflap --disable-libquadmath --disable-libssp --disable-libstdcxx-pch --disable-nls --disable-shared --disable-threads --disable-tls --with-gnu-as --with-gnu-ld --with-newlib --with-headers=yes --with-python-dir=share/gcc-arm-none-eabi --with-sysroot=/tmp/jenkins-GCC-6-build_build-toolchain-mac-262_20170621_1498074986/install-native/arm-none-eabi --build=x86_64-apple-darwin10 --host=x86_64-apple-darwin10 --with-gmp=/tmp/jenkins-GCC-6-build_build-toolchain-mac-262_20170621_1498074986/build-native/host-libs/usr --with-mpfr=/tmp/jenkins-GCC-6-build_build-toolchain-mac-262_20170621_1498074986/build-native/host-libs/usr --with-mpc=/tmp/jenkins-GCC-6-build_build-toolchain-mac-262_20170621_1498074986/build-native/host-libs/usr --with-isl=/tmp/jenkins-GCC-6-build_build-toolchain-mac-262_20170621_1498074986/build-native/host-libs/usr --with-libelf=/tmp/jenkins-GCC-6-build_build-toolchain-mac-262_20170621_1498074986/build-native/host-libs/usr --with-host-libstdcxx='-static-libgcc -Wl,-lstdc++ -lm' --with-pkgversion='GNU Tools for ARM Embedded Processors 6-2017-q2-update' --with-multilib-list=rmprofile]
  ignore line: [Thread model: single]
  ignore line: [gcc version 6.3.1 20170620 (release) [ARM/embedded-6-branch revision 249437] (GNU Tools for ARM Embedded Processors 6-2017-q2-update) ]
  ignore line: [COMPILER_PATH=/usr/local/Caskroom/gcc-arm-embedded/6-2017-q2-update/gcc-arm-none-eabi-6-2017-q2-update/bin/../lib/gcc/arm-none-eabi/6.3.1/:/usr/local/Caskroom/gcc-arm-embedded/6-2017-q2-update/gcc-arm-none-eabi-6-2017-q2-update/bin/../lib/gcc/:/usr/local/Caskroom/gcc-arm-embedded/6-2017-q2-update/gcc-arm-none-eabi-6-2017-q2-update/bin/../lib/gcc/arm-none-eabi/6.3.1/../../../../arm-none-eabi/bin/]
  ignore line: [LIBRARY_PATH=/usr/local/Caskroom/gcc-arm-embedded/6-2017-q2-update/gcc-arm-none-eabi-6-2017-q2-update/bin/../lib/gcc/arm-none-eabi/6.3.1/thumb/v7e-m/fpv4-sp/softfp/:/usr/local/Caskroom/gcc-arm-embedded/6-2017-q2-update/gcc-arm-none-eabi-6-2017-q2-update/bin/../lib/gcc/arm-none-eabi/6.3.1/../../../../arm-none-eabi/lib/thumb/v7e-m/fpv4-sp/softfp/:/usr/local/Caskroom/gcc-arm-embedded/6-2017-q2-update/gcc-arm-none-eabi-6-2017-q2-update/bin/../arm-none-eabi/lib/thumb/v7e-m/fpv4-sp/softfp/:/usr/local/Caskroom/gcc-arm-embedded/6-2017-q2-update/gcc-arm-none-eabi-6-2017-q2-update/bin/../lib/gcc/arm-none-eabi/6.3.1/:/usr/local/Caskroom/gcc-arm-embedded/6-2017-q2-update/gcc-arm-none-eabi-6-2017-q2-update/bin/../lib/gcc/:/usr/local/Caskroom/gcc-arm-embedded/6-2017-q2-update/gcc-arm-none-eabi-6-2017-q2-update/bin/../lib/gcc/arm-none-eabi/6.3.1/../../../../arm-none-eabi/lib/:/usr/local/Caskroom/gcc-arm-embedded/6-2017-q2-update/gcc-arm-none-eabi-6-2017-q2-update/bin/../arm-none-eabi/lib/]
  ignore line: [COLLECT_GCC_OPTIONS='-mthumb' '-fno-builtin' '-mcpu=cortex-m4' '-mfpu=fpv4-sp-d16' '-mfloat-abi=softfp' '-Wall' '-std=gnu99' '-ffunction-sections' '-fdata-sections' '-fomit-frame-pointer' '-mabi=aapcs' '-fno-unroll-loops' '-ffast-math' '-ftree-vectorize' '-mthumb' '-mcpu=cortex-m4' '-mfpu=fpv4-sp-d16' '-mfloat-abi=softfp' '-mabi=aapcs' '-v' '-o' 'cmTC_3d46b']
  link line: [ /usr/local/Caskroom/gcc-arm-embedded/6-2017-q2-update/gcc-arm-none-eabi-6-2017-q2-update/bin/../lib/gcc/arm-none-eabi/6.3.1/collect2 -plugin /usr/local/Caskroom/gcc-arm-embedded/6-2017-q2-update/gcc-arm-none-eabi-6-2017-q2-update/bin/../lib/gcc/arm-none-eabi/6.3.1/liblto_plugin.so -plugin-opt=/usr/local/Caskroom/gcc-arm-embedded/6-2017-q2-update/gcc-arm-none-eabi-6-2017-q2-update/bin/../lib/gcc/arm-none-eabi/6.3.1/lto-wrapper -plugin-opt=-fresolution=/var/folders/9c/gjxt7_nj7zvf3qx56p1qg8g00000gq/T//cckasmZD.res -plugin-opt=-pass-through=-lgcc -plugin-opt=-pass-through=-lc --sysroot=/usr/local/Caskroom/gcc-arm-embedded/6-2017-q2-update/gcc-arm-none-eabi-6-2017-q2-update/bin/../arm-none-eabi -X -o cmTC_3d46b /usr/local/Caskroom/gcc-arm-embedded/6-2017-q2-update/gcc-arm-none-eabi-6-2017-q2-update/bin/../lib/gcc/arm-none-eabi/6.3.1/thumb/v7e-m/fpv4-sp/softfp/crtfastmath.o /usr/local/Caskroom/gcc-arm-embedded/6-2017-q2-update/gcc-arm-none-eabi-6-2017-q2-update/bin/../lib/gcc/arm-none-eabi/6.3.1/thumb/v7e-m/fpv4-sp/softfp/crti.o /usr/local/Caskroom/gcc-arm-embedded/6-2017-q2-update/gcc-arm-none-eabi-6-2017-q2-update/bin/../lib/gcc/arm-none-eabi/6.3.1/thumb/v7e-m/fpv4-sp/softfp/crtbegin.o /usr/local/Caskroom/gcc-arm-embedded/6-2017-q2-update/gcc-arm-none-eabi-6-2017-q2-update/bin/../lib/gcc/arm-none-eabi/6.3.1/../../../../arm-none-eabi/lib/thumb/v7e-m/fpv4-sp/softfp/crt0.o -L/usr/local/Caskroom/gcc-arm-embedded/6-2017-q2-update/gcc-arm-none-eabi-6-2017-q2-update/bin/../lib/gcc/arm-none-eabi/6.3.1/thumb/v7e-m/fpv4-sp/softfp -L/usr/local/Caskroom/gcc-arm-embedded/6-2017-q2-update/gcc-arm-none-eabi-6-2017-q2-update/bin/../lib/gcc/arm-none-eabi/6.3.1/../../../../arm-none-eabi/lib/thumb/v7e-m/fpv4-sp/softfp -L/usr/local/Caskroom/gcc-arm-embedded/6-2017-q2-update/gcc-arm-none-eabi-6-2017-q2-update/bin/../arm-none-eabi/lib/thumb/v7e-m/fpv4-sp/softfp -L/usr/local/Caskroom/gcc-arm-embedded/6-2017-q2-update/gcc-arm-none-eabi-6-2017-q2-update/bin/../lib/gcc/arm-none-eabi/6.3.1 -L/usr/local/Caskroom/gcc-arm-embedded/6-2017-q2-update/gcc-arm-none-eabi-6-2017-q2-update/bin/../lib/gcc -L/usr/local/Caskroom/gcc-arm-embedded/6-2017-q2-update/gcc-arm-none-eabi-6-2017-q2-update/bin/../lib/gcc/arm-none-eabi/6.3.1/../../../../arm-none-eabi/lib -L/usr/local/Caskroom/gcc-arm-embedded/6-2017-q2-update/gcc-arm-none-eabi-6-2017-q2-update/bin/../arm-none-eabi/lib -search_paths_first -headerpad_max_install_names --gc-sections -v CMakeFiles/cmTC_3d46b.dir/CMakeCCompilerABI.c.o --start-group -lgcc -lc --end-group /usr/local/Caskroom/gcc-arm-embedded/6-2017-q2-update/gcc-arm-none-eabi-6-2017-q2-update/bin/../lib/gcc/arm-none-eabi/6.3.1/thumb/v7e-m/fpv4-sp/softfp/crtend.o /usr/local/Caskroom/gcc-arm-embedded/6-2017-q2-update/gcc-arm-none-eabi-6-2017-q2-update/bin/../lib/gcc/arm-none-eabi/6.3.1/thumb/v7e-m/fpv4-sp/softfp/crtn.o]
    arg [/usr/local/Caskroom/gcc-arm-embedded/6-2017-q2-update/gcc-arm-none-eabi-6-2017-q2-update/bin/../lib/gcc/arm-none-eabi/6.3.1/collect2] ==> ignore
    arg [-plugin] ==> ignore
    arg [/usr/local/Caskroom/gcc-arm-embedded/6-2017-q2-update/gcc-arm-none-eabi-6-2017-q2-update/bin/../lib/gcc/arm-none-eabi/6.3.1/liblto_plugin.so] ==> ignore
    arg [-plugin-opt=/usr/local/Caskroom/gcc-arm-embedded/6-2017-q2-update/gcc-arm-none-eabi-6-2017-q2-update/bin/../lib/gcc/arm-none-eabi/6.3.1/lto-wrapper] ==> ignore
    arg [-plugin-opt=-fresolution=/var/folders/9c/gjxt7_nj7zvf3qx56p1qg8g00000gq/T//cckasmZD.res] ==> ignore
    arg [-plugin-opt=-pass-through=-lgcc] ==> ignore
    arg [-plugin-opt=-pass-through=-lc] ==> ignore
    arg [--sysroot=/usr/local/Caskroom/gcc-arm-embedded/6-2017-q2-update/gcc-arm-none-eabi-6-2017-q2-update/bin/../arm-none-eabi] ==> ignore
    arg [-X] ==> ignore
    arg [-o] ==> ignore
    arg [cmTC_3d46b] ==> ignore
    arg [/usr/local/Caskroom/gcc-arm-embedded/6-2017-q2-update/gcc-arm-none-eabi-6-2017-q2-update/bin/../lib/gcc/arm-none-eabi/6.3.1/thumb/v7e-m/fpv4-sp/softfp/crtfastmath.o] ==> ignore
    arg [/usr/local/Caskroom/gcc-arm-embedded/6-2017-q2-update/gcc-arm-none-eabi-6-2017-q2-update/bin/../lib/gcc/arm-none-eabi/6.3.1/thumb/v7e-m/fpv4-sp/softfp/crti.o] ==> ignore
    arg [/usr/local/Caskroom/gcc-arm-embedded/6-2017-q2-update/gcc-arm-none-eabi-6-2017-q2-update/bin/../lib/gcc/arm-none-eabi/6.3.1/thumb/v7e-m/fpv4-sp/softfp/crtbegin.o] ==> ignore
    arg [/usr/local/Caskroom/gcc-arm-embedded/6-2017-q2-update/gcc-arm-none-eabi-6-2017-q2-update/bin/../lib/gcc/arm-none-eabi/6.3.1/../../../../arm-none-eabi/lib/thumb/v7e-m/fpv4-sp/softfp/crt0.o] ==> ignore
    arg [-L/usr/local/Caskroom/gcc-arm-embedded/6-2017-q2-update/gcc-arm-none-eabi-6-2017-q2-update/bin/../lib/gcc/arm-none-eabi/6.3.1/thumb/v7e-m/fpv4-sp/softfp] ==> dir [/usr/local/Caskroom/gcc-arm-embedded/6-2017-q2-update/gcc-arm-none-eabi-6-2017-q2-update/bin/../lib/gcc/arm-none-eabi/6.3.1/thumb/v7e-m/fpv4-sp/softfp]
    arg [-L/usr/local/Caskroom/gcc-arm-embedded/6-2017-q2-update/gcc-arm-none-eabi-6-2017-q2-update/bin/../lib/gcc/arm-none-eabi/6.3.1/../../../../arm-none-eabi/lib/thumb/v7e-m/fpv4-sp/softfp] ==> dir [/usr/local/Caskroom/gcc-arm-embedded/6-2017-q2-update/gcc-arm-none-eabi-6-2017-q2-update/bin/../lib/gcc/arm-none-eabi/6.3.1/../../../../arm-none-eabi/lib/thumb/v7e-m/fpv4-sp/softfp]
    arg [-L/usr/local/Caskroom/gcc-arm-embedded/6-2017-q2-update/gcc-arm-none-eabi-6-2017-q2-update/bin/../arm-none-eabi/lib/thumb/v7e-m/fpv4-sp/softfp] ==> dir [/usr/local/Caskroom/gcc-arm-embedded/6-2017-q2-update/gcc-arm-none-eabi-6-2017-q2-update/bin/../arm-none-eabi/lib/thumb/v7e-m/fpv4-sp/softfp]
    arg [-L/usr/local/Caskroom/gcc-arm-embedded/6-2017-q2-update/gcc-arm-none-eabi-6-2017-q2-update/bin/../lib/gcc/arm-none-eabi/6.3.1] ==> dir [/usr/local/Caskroom/gcc-arm-embedded/6-2017-q2-update/gcc-arm-none-eabi-6-2017-q2-update/bin/../lib/gcc/arm-none-eabi/6.3.1]
    arg [-L/usr/local/Caskroom/gcc-arm-embedded/6-2017-q2-update/gcc-arm-none-eabi-6-2017-q2-update/bin/../lib/gcc] ==> dir [/usr/local/Caskroom/gcc-arm-embedded/6-2017-q2-update/gcc-arm-none-eabi-6-2017-q2-update/bin/../lib/gcc]
    arg [-L/usr/local/Caskroom/gcc-arm-embedded/6-2017-q2-update/gcc-arm-none-eabi-6-2017-q2-update/bin/../lib/gcc/arm-none-eabi/6.3.1/../../../../arm-none-eabi/lib] ==> dir [/usr/local/Caskroom/gcc-arm-embedded/6-2017-q2-update/gcc-arm-none-eabi-6-2017-q2-update/bin/../lib/gcc/arm-none-eabi/6.3.1/../../../../arm-none-eabi/lib]
    arg [-L/usr/local/Caskroom/gcc-arm-embedded/6-2017-q2-update/gcc-arm-none-eabi-6-2017-q2-update/bin/../arm-none-eabi/lib] ==> dir [/usr/local/Caskroom/gcc-arm-embedded/6-2017-q2-update/gcc-arm-none-eabi-6-2017-q2-update/bin/../arm-none-eabi/lib]
    arg [-search_paths_first] ==> ignore
    arg [-headerpad_max_install_names] ==> ignore
    arg [--gc-sections] ==> ignore
    arg [-v] ==> ignore
    arg [CMakeFiles/cmTC_3d46b.dir/CMakeCCompilerABI.c.o] ==> ignore
    arg [--start-group] ==> ignore
    arg [-lgcc] ==> lib [gcc]
    arg [-lc] ==> lib [c]
    arg [--end-group] ==> ignore
    arg [/usr/local/Caskroom/gcc-arm-embedded/6-2017-q2-update/gcc-arm-none-eabi-6-2017-q2-update/bin/../lib/gcc/arm-none-eabi/6.3.1/thumb/v7e-m/fpv4-sp/softfp/crtend.o] ==> ignore
    arg [/usr/local/Caskroom/gcc-arm-embedded/6-2017-q2-update/gcc-arm-none-eabi-6-2017-q2-update/bin/../lib/gcc/arm-none-eabi/6.3.1/thumb/v7e-m/fpv4-sp/softfp/crtn.o] ==> ignore
  collapse library dir [/usr/local/Caskroom/gcc-arm-embedded/6-2017-q2-update/gcc-arm-none-eabi-6-2017-q2-update/bin/../lib/gcc/arm-none-eabi/6.3.1/thumb/v7e-m/fpv4-sp/softfp] ==> [/usr/local/Caskroom/gcc-arm-embedded/6-2017-q2-update/gcc-arm-none-eabi-6-2017-q2-update/lib/gcc/arm-none-eabi/6.3.1/thumb/v7e-m/fpv4-sp/softfp]
  collapse library dir [/usr/local/Caskroom/gcc-arm-embedded/6-2017-q2-update/gcc-arm-none-eabi-6-2017-q2-update/bin/../lib/gcc/arm-none-eabi/6.3.1/../../../../arm-none-eabi/lib/thumb/v7e-m/fpv4-sp/softfp] ==> [/usr/local/Caskroom/gcc-arm-embedded/6-2017-q2-update/gcc-arm-none-eabi-6-2017-q2-update/arm-none-eabi/lib/thumb/v7e-m/fpv4-sp/softfp]
  collapse library dir [/usr/local/Caskroom/gcc-arm-embedded/6-2017-q2-update/gcc-arm-none-eabi-6-2017-q2-update/bin/../arm-none-eabi/lib/thumb/v7e-m/fpv4-sp/softfp] ==> [/usr/local/Caskroom/gcc-arm-embedded/6-2017-q2-update/gcc-arm-none-eabi-6-2017-q2-update/arm-none-eabi/lib/thumb/v7e-m/fpv4-sp/softfp]
  collapse library dir [/usr/local/Caskroom/gcc-arm-embedded/6-2017-q2-update/gcc-arm-none-eabi-6-2017-q2-update/bin/../lib/gcc/arm-none-eabi/6.3.1] ==> [/usr/local/Caskroom/gcc-arm-embedded/6-2017-q2-update/gcc-arm-none-eabi-6-2017-q2-update/lib/gcc/arm-none-eabi/6.3.1]
  collapse library dir [/usr/local/Caskroom/gcc-arm-embedded/6-2017-q2-update/gcc-arm-none-eabi-6-2017-q2-update/bin/../lib/gcc] ==> [/usr/local/Caskroom/gcc-arm-embedded/6-2017-q2-update/gcc-arm-none-eabi-6-2017-q2-update/lib/gcc]
  collapse library dir [/usr/local/Caskroom/gcc-arm-embedded/6-2017-q2-update/gcc-arm-none-eabi-6-2017-q2-update/bin/../lib/gcc/arm-none-eabi/6.3.1/../../../../arm-none-eabi/lib] ==> [/usr/local/Caskroom/gcc-arm-embedded/6-2017-q2-update/gcc-arm-none-eabi-6-2017-q2-update/arm-none-eabi/lib]
  collapse library dir [/usr/local/Caskroom/gcc-arm-embedded/6-2017-q2-update/gcc-arm-none-eabi-6-2017-q2-update/bin/../arm-none-eabi/lib] ==> [/usr/local/Caskroom/gcc-arm-embedded/6-2017-q2-update/gcc-arm-none-eabi-6-2017-q2-update/arm-none-eabi/lib]
  implicit libs: [gcc;c]
  implicit dirs: [/usr/local/Caskroom/gcc-arm-embedded/6-2017-q2-update/gcc-arm-none-eabi-6-2017-q2-update/lib/gcc/arm-none-eabi/6.3.1/thumb/v7e-m/fpv4-sp/softfp;/usr/local/Caskroom/gcc-arm-embedded/6-2017-q2-update/gcc-arm-none-eabi-6-2017-q2-update/arm-none-eabi/lib/thumb/v7e-m/fpv4-sp/softfp;/usr/local/Caskroom/gcc-arm-embedded/6-2017-q2-update/gcc-arm-none-eabi-6-2017-q2-update/lib/gcc/arm-none-eabi/6.3.1;/usr/local/Caskroom/gcc-arm-embedded/6-2017-q2-update/gcc-arm-none-eabi-6-2017-q2-update/lib/gcc;/usr/local/Caskroom/gcc-arm-embedded/6-2017-q2-update/gcc-arm-none-eabi-6-2017-q2-update/arm-none-eabi/lib]
  implicit fwks: []




Detecting C [-std=c11] compiler features compiled with the following output:
Change Dir: /Users/vagif/workspace/eclipse/cmaketest/CMakeFiles/CMakeTmp

Run Build Command:"/usr/bin/make" "cmTC_adbd6/fast"
/Library/Developer/CommandLineTools/usr/bin/make -f CMakeFiles/cmTC_adbd6.dir/build.make CMakeFiles/cmTC_adbd6.dir/build
Building C object CMakeFiles/cmTC_adbd6.dir/feature_tests.c.o
/usr/local/bin/arm-none-eabi-gcc   -mthumb -fno-builtin -mcpu=cortex-m4 -mfpu=fpv4-sp-d16 -mfloat-abi=softfp -Wall -std=gnu99 -ffunction-sections -fdata-sections -fomit-frame-pointer -mabi=aapcs -fno-unroll-loops -ffast-math -ftree-vectorize    -std=c11 -o CMakeFiles/cmTC_adbd6.dir/feature_tests.c.o   -c /Users/vagif/workspace/eclipse/cmaketest/CMakeFiles/feature_tests.c
Linking C executable cmTC_adbd6
/usr/local/Cellar/cmake/3.10.0/bin/cmake -E cmake_link_script CMakeFiles/cmTC_adbd6.dir/link.txt --verbose=1
/usr/local/bin/arm-none-eabi-gcc -mthumb -fno-builtin -mcpu=cortex-m4 -mfpu=fpv4-sp-d16 -mfloat-abi=softfp -Wall -std=gnu99 -ffunction-sections -fdata-sections -fomit-frame-pointer -mabi=aapcs -fno-unroll-loops -ffast-math -ftree-vectorize  -Wl,-search_paths_first -Wl,-headerpad_max_install_names -Wl,--gc-sections -mthumb -mcpu=cortex-m4 -mfpu=fpv4-sp-d16 -mfloat-abi=softfp -mabi=aapcs  CMakeFiles/cmTC_adbd6.dir/feature_tests.c.o  -o cmTC_adbd6 
/usr/local/Caskroom/gcc-arm-embedded/6-2017-q2-update/gcc-arm-none-eabi-6-2017-q2-update/bin/../lib/gcc/arm-none-eabi/6.3.1/../../../../arm-none-eabi/bin/ld: warning: cannot find entry symbol arch_paths_first; defaulting to 000000000000800c




Detecting C [-std=c99] compiler features compiled with the following output:
Change Dir: /Users/vagif/workspace/eclipse/cmaketest/CMakeFiles/CMakeTmp

Run Build Command:"/usr/bin/make" "cmTC_d80f3/fast"
/Library/Developer/CommandLineTools/usr/bin/make -f CMakeFiles/cmTC_d80f3.dir/build.make CMakeFiles/cmTC_d80f3.dir/build
Building C object CMakeFiles/cmTC_d80f3.dir/feature_tests.c.o
/usr/local/bin/arm-none-eabi-gcc   -mthumb -fno-builtin -mcpu=cortex-m4 -mfpu=fpv4-sp-d16 -mfloat-abi=softfp -Wall -std=gnu99 -ffunction-sections -fdata-sections -fomit-frame-pointer -mabi=aapcs -fno-unroll-loops -ffast-math -ftree-vectorize    -std=c99 -o CMakeFiles/cmTC_d80f3.dir/feature_tests.c.o   -c /Users/vagif/workspace/eclipse/cmaketest/CMakeFiles/feature_tests.c
Linking C executable cmTC_d80f3
/usr/local/Cellar/cmake/3.10.0/bin/cmake -E cmake_link_script CMakeFiles/cmTC_d80f3.dir/link.txt --verbose=1
/usr/local/bin/arm-none-eabi-gcc -mthumb -fno-builtin -mcpu=cortex-m4 -mfpu=fpv4-sp-d16 -mfloat-abi=softfp -Wall -std=gnu99 -ffunction-sections -fdata-sections -fomit-frame-pointer -mabi=aapcs -fno-unroll-loops -ffast-math -ftree-vectorize  -Wl,-search_paths_first -Wl,-headerpad_max_install_names -Wl,--gc-sections -mthumb -mcpu=cortex-m4 -mfpu=fpv4-sp-d16 -mfloat-abi=softfp -mabi=aapcs  CMakeFiles/cmTC_d80f3.dir/feature_tests.c.o  -o cmTC_d80f3 
/usr/local/Caskroom/gcc-arm-embedded/6-2017-q2-update/gcc-arm-none-eabi-6-2017-q2-update/bin/../lib/gcc/arm-none-eabi/6.3.1/../../../../arm-none-eabi/bin/ld: warning: cannot find entry symbol arch_paths_first; defaulting to 000000000000800c




Detecting C [-std=c90] compiler features compiled with the following output:
Change Dir: /Users/vagif/workspace/eclipse/cmaketest/CMakeFiles/CMakeTmp

Run Build Command:"/usr/bin/make" "cmTC_97095/fast"
/Library/Developer/CommandLineTools/usr/bin/make -f CMakeFiles/cmTC_97095.dir/build.make CMakeFiles/cmTC_97095.dir/build
Building C object CMakeFiles/cmTC_97095.dir/feature_tests.c.o
/usr/local/bin/arm-none-eabi-gcc   -mthumb -fno-builtin -mcpu=cortex-m4 -mfpu=fpv4-sp-d16 -mfloat-abi=softfp -Wall -std=gnu99 -ffunction-sections -fdata-sections -fomit-frame-pointer -mabi=aapcs -fno-unroll-loops -ffast-math -ftree-vectorize    -std=c90 -o CMakeFiles/cmTC_97095.dir/feature_tests.c.o   -c /Users/vagif/workspace/eclipse/cmaketest/CMakeFiles/feature_tests.c
Linking C executable cmTC_97095
/usr/local/Cellar/cmake/3.10.0/bin/cmake -E cmake_link_script CMakeFiles/cmTC_97095.dir/link.txt --verbose=1
/usr/local/bin/arm-none-eabi-gcc -mthumb -fno-builtin -mcpu=cortex-m4 -mfpu=fpv4-sp-d16 -mfloat-abi=softfp -Wall -std=gnu99 -ffunction-sections -fdata-sections -fomit-frame-pointer -mabi=aapcs -fno-unroll-loops -ffast-math -ftree-vectorize  -Wl,-search_paths_first -Wl,-headerpad_max_install_names -Wl,--gc-sections -mthumb -mcpu=cortex-m4 -mfpu=fpv4-sp-d16 -mfloat-abi=softfp -mabi=aapcs  CMakeFiles/cmTC_97095.dir/feature_tests.c.o  -o cmTC_97095 
/usr/local/Caskroom/gcc-arm-embedded/6-2017-q2-update/gcc-arm-none-eabi-6-2017-q2-update/bin/../lib/gcc/arm-none-eabi/6.3.1/../../../../arm-none-eabi/bin/ld: warning: cannot find entry symbol arch_paths_first; defaulting to 000000000000800c


Determining if the CXX compiler works passed with the following output:
Change Dir: /Users/vagif/workspace/eclipse/cmaketest/CMakeFiles/CMakeTmp

Run Build Command:"/usr/bin/make" "cmTC_6bce3/fast"
/Library/Developer/CommandLineTools/usr/bin/make -f CMakeFiles/cmTC_6bce3.dir/build.make CMakeFiles/cmTC_6bce3.dir/build
Building CXX object CMakeFiles/cmTC_6bce3.dir/testCXXCompiler.cxx.o
/usr/local/bin/arm-none-eabi-g++    -mthumb -fno-builtin -mcpu=cortex-m4 -mfpu=fpv4-sp-d16 -mfloat-abi=softfp -Wall -std=c++11 -ffunction-sections -fdata-sections -fomit-frame-pointer -mabi=aapcs -fno-unroll-loops -ffast-math -ftree-vectorize    -o CMakeFiles/cmTC_6bce3.dir/testCXXCompiler.cxx.o -c /Users/vagif/workspace/eclipse/cmaketest/CMakeFiles/CMakeTmp/testCXXCompiler.cxx
Linking CXX executable cmTC_6bce3
/usr/local/Cellar/cmake/3.10.0/bin/cmake -E cmake_link_script CMakeFiles/cmTC_6bce3.dir/link.txt --verbose=1
/usr/local/bin/arm-none-eabi-g++  -mthumb -fno-builtin -mcpu=cortex-m4 -mfpu=fpv4-sp-d16 -mfloat-abi=softfp -Wall -std=c++11 -ffunction-sections -fdata-sections -fomit-frame-pointer -mabi=aapcs -fno-unroll-loops -ffast-math -ftree-vectorize  -Wl,-search_paths_first -Wl,-headerpad_max_install_names -Wl,--gc-sections -mthumb -mcpu=cortex-m4 -mfpu=fpv4-sp-d16 -mfloat-abi=softfp -mabi=aapcs  CMakeFiles/cmTC_6bce3.dir/testCXXCompiler.cxx.o  -o cmTC_6bce3 
/usr/local/Caskroom/gcc-arm-embedded/6-2017-q2-update/gcc-arm-none-eabi-6-2017-q2-update/bin/../lib/gcc/arm-none-eabi/6.3.1/../../../../arm-none-eabi/bin/ld: warning: cannot find entry symbol arch_paths_first; defaulting to 000000000000800c


Detecting CXX compiler ABI info compiled with the following output:
Change Dir: /Users/vagif/workspace/eclipse/cmaketest/CMakeFiles/CMakeTmp

Run Build Command:"/usr/bin/make" "cmTC_a1ead/fast"
/Library/Developer/CommandLineTools/usr/bin/make -f CMakeFiles/cmTC_a1ead.dir/build.make CMakeFiles/cmTC_a1ead.dir/build
Building CXX object CMakeFiles/cmTC_a1ead.dir/CMakeCXXCompilerABI.cpp.o
/usr/local/bin/arm-none-eabi-g++    -mthumb -fno-builtin -mcpu=cortex-m4 -mfpu=fpv4-sp-d16 -mfloat-abi=softfp -Wall -std=c++11 -ffunction-sections -fdata-sections -fomit-frame-pointer -mabi=aapcs -fno-unroll-loops -ffast-math -ftree-vectorize    -o CMakeFiles/cmTC_a1ead.dir/CMakeCXXCompilerABI.cpp.o -c /usr/local/Cellar/cmake/3.10.0/share/cmake/Modules/CMakeCXXCompilerABI.cpp
Linking CXX executable cmTC_a1ead
/usr/local/Cellar/cmake/3.10.0/bin/cmake -E cmake_link_script CMakeFiles/cmTC_a1ead.dir/link.txt --verbose=1
/usr/local/bin/arm-none-eabi-g++  -mthumb -fno-builtin -mcpu=cortex-m4 -mfpu=fpv4-sp-d16 -mfloat-abi=softfp -Wall -std=c++11 -ffunction-sections -fdata-sections -fomit-frame-pointer -mabi=aapcs -fno-unroll-loops -ffast-math -ftree-vectorize  -Wl,-search_paths_first -Wl,-headerpad_max_install_names -Wl,--gc-sections -mthumb -mcpu=cortex-m4 -mfpu=fpv4-sp-d16 -mfloat-abi=softfp -mabi=aapcs -v -Wl,-v CMakeFiles/cmTC_a1ead.dir/CMakeCXXCompilerABI.cpp.o  -o cmTC_a1ead 
Using built-in specs.
COLLECT_GCC=/usr/local/bin/arm-none-eabi-g++
COLLECT_LTO_WRAPPER=/usr/local/Caskroom/gcc-arm-embedded/6-2017-q2-update/gcc-arm-none-eabi-6-2017-q2-update/bin/../lib/gcc/arm-none-eabi/6.3.1/lto-wrapper
Target: arm-none-eabi
Configured with: /tmp/jenkins-GCC-6-build_build-toolchain-mac-262_20170621_1498074986/src/gcc/configure --target=arm-none-eabi --prefix=/tmp/jenkins-GCC-6-build_build-toolchain-mac-262_20170621_1498074986/install-native --libexecdir=/tmp/jenkins-GCC-6-build_build-toolchain-mac-262_20170621_1498074986/install-native/lib --infodir=/tmp/jenkins-GCC-6-build_build-toolchain-mac-262_20170621_1498074986/install-native/share/doc/gcc-arm-none-eabi/info --mandir=/tmp/jenkins-GCC-6-build_build-toolchain-mac-262_20170621_1498074986/install-native/share/doc/gcc-arm-none-eabi/man --htmldir=/tmp/jenkins-GCC-6-build_build-toolchain-mac-262_20170621_1498074986/install-native/share/doc/gcc-arm-none-eabi/html --pdfdir=/tmp/jenkins-GCC-6-build_build-toolchain-mac-262_20170621_1498074986/install-native/share/doc/gcc-arm-none-eabi/pdf --enable-languages=c,c++ --enable-plugins --disable-decimal-float --disable-libffi --disable-libgomp --disable-libmudflap --disable-libquadmath --disable-libssp --disable-libstdcxx-pch --disable-nls --disable-shared --disable-threads --disable-tls --with-gnu-as --with-gnu-ld --with-newlib --with-headers=yes --with-python-dir=share/gcc-arm-none-eabi --with-sysroot=/tmp/jenkins-GCC-6-build_build-toolchain-mac-262_20170621_1498074986/install-native/arm-none-eabi --build=x86_64-apple-darwin10 --host=x86_64-apple-darwin10 --with-gmp=/tmp/jenkins-GCC-6-build_build-toolchain-mac-262_20170621_1498074986/build-native/host-libs/usr --with-mpfr=/tmp/jenkins-GCC-6-build_build-toolchain-mac-262_20170621_1498074986/build-native/host-libs/usr --with-mpc=/tmp/jenkins-GCC-6-build_build-toolchain-mac-262_20170621_1498074986/build-native/host-libs/usr --with-isl=/tmp/jenkins-GCC-6-build_build-toolchain-mac-262_20170621_1498074986/build-native/host-libs/usr --with-libelf=/tmp/jenkins-GCC-6-build_build-toolchain-mac-262_20170621_1498074986/build-native/host-libs/usr --with-host-libstdcxx='-static-libgcc -Wl,-lstdc++ -lm' --with-pkgversion='GNU Tools for ARM Embedded Processors 6-2017-q2-update' --with-multilib-list=rmprofile
Thread model: single
gcc version 6.3.1 20170620 (release) [ARM/embedded-6-branch revision 249437] (GNU Tools for ARM Embedded Processors 6-2017-q2-update) 
COMPILER_PATH=/usr/local/Caskroom/gcc-arm-embedded/6-2017-q2-update/gcc-arm-none-eabi-6-2017-q2-update/bin/../lib/gcc/arm-none-eabi/6.3.1/:/usr/local/Caskroom/gcc-arm-embedded/6-2017-q2-update/gcc-arm-none-eabi-6-2017-q2-update/bin/../lib/gcc/:/usr/local/Caskroom/gcc-arm-embedded/6-2017-q2-update/gcc-arm-none-eabi-6-2017-q2-update/bin/../lib/gcc/arm-none-eabi/6.3.1/../../../../arm-none-eabi/bin/
LIBRARY_PATH=/usr/local/Caskroom/gcc-arm-embedded/6-2017-q2-update/gcc-arm-none-eabi-6-2017-q2-update/bin/../lib/gcc/arm-none-eabi/6.3.1/thumb/v7e-m/fpv4-sp/softfp/:/usr/local/Caskroom/gcc-arm-embedded/6-2017-q2-update/gcc-arm-none-eabi-6-2017-q2-update/bin/../lib/gcc/arm-none-eabi/6.3.1/../../../../arm-none-eabi/lib/thumb/v7e-m/fpv4-sp/softfp/:/usr/local/Caskroom/gcc-arm-embedded/6-2017-q2-update/gcc-arm-none-eabi-6-2017-q2-update/bin/../arm-none-eabi/lib/thumb/v7e-m/fpv4-sp/softfp/:/usr/local/Caskroom/gcc-arm-embedded/6-2017-q2-update/gcc-arm-none-eabi-6-2017-q2-update/bin/../lib/gcc/arm-none-eabi/6.3.1/:/usr/local/Caskroom/gcc-arm-embedded/6-2017-q2-update/gcc-arm-none-eabi-6-2017-q2-update/bin/../lib/gcc/:/usr/local/Caskroom/gcc-arm-embedded/6-2017-q2-update/gcc-arm-none-eabi-6-2017-q2-update/bin/../lib/gcc/arm-none-eabi/6.3.1/../../../../arm-none-eabi/lib/:/usr/local/Caskroom/gcc-arm-embedded/6-2017-q2-update/gcc-arm-none-eabi-6-2017-q2-update/bin/../arm-none-eabi/lib/
COLLECT_GCC_OPTIONS='-mthumb' '-fno-builtin' '-mcpu=cortex-m4' '-mfpu=fpv4-sp-d16' '-mfloat-abi=softfp' '-Wall' '-std=c++11' '-ffunction-sections' '-fdata-sections' '-fomit-frame-pointer' '-mabi=aapcs' '-fno-unroll-loops' '-ffast-math' '-ftree-vectorize' '-mthumb' '-mcpu=cortex-m4' '-mfpu=fpv4-sp-d16' '-mfloat-abi=softfp' '-mabi=aapcs' '-v' '-o' 'cmTC_a1ead'
 /usr/local/Caskroom/gcc-arm-embedded/6-2017-q2-update/gcc-arm-none-eabi-6-2017-q2-update/bin/../lib/gcc/arm-none-eabi/6.3.1/collect2 -plugin /usr/local/Caskroom/gcc-arm-embedded/6-2017-q2-update/gcc-arm-none-eabi-6-2017-q2-update/bin/../lib/gcc/arm-none-eabi/6.3.1/liblto_plugin.so -plugin-opt=/usr/local/Caskroom/gcc-arm-embedded/6-2017-q2-update/gcc-arm-none-eabi-6-2017-q2-update/bin/../lib/gcc/arm-none-eabi/6.3.1/lto-wrapper -plugin-opt=-fresolution=/var/folders/9c/gjxt7_nj7zvf3qx56p1qg8g00000gq/T//ccH1sRv1.res -plugin-opt=-pass-through=-lgcc -plugin-opt=-pass-through=-lc --sysroot=/usr/local/Caskroom/gcc-arm-embedded/6-2017-q2-update/gcc-arm-none-eabi-6-2017-q2-update/bin/../arm-none-eabi -X -o cmTC_a1ead /usr/local/Caskroom/gcc-arm-embedded/6-2017-q2-update/gcc-arm-none-eabi-6-2017-q2-update/bin/../lib/gcc/arm-none-eabi/6.3.1/thumb/v7e-m/fpv4-sp/softfp/crtfastmath.o /usr/local/Caskroom/gcc-arm-embedded/6-2017-q2-update/gcc-arm-none-eabi-6-2017-q2-update/bin/../lib/gcc/arm-none-eabi/6.3.1/thumb/v7e-m/fpv4-sp/softfp/crti.o /usr/local/Caskroom/gcc-arm-embedded/6-2017-q2-update/gcc-arm-none-eabi-6-2017-q2-update/bin/../lib/gcc/arm-none-eabi/6.3.1/thumb/v7e-m/fpv4-sp/softfp/crtbegin.o /usr/local/Caskroom/gcc-arm-embedded/6-2017-q2-update/gcc-arm-none-eabi-6-2017-q2-update/bin/../lib/gcc/arm-none-eabi/6.3.1/../../../../arm-none-eabi/lib/thumb/v7e-m/fpv4-sp/softfp/crt0.o -L/usr/local/Caskroom/gcc-arm-embedded/6-2017-q2-update/gcc-arm-none-eabi-6-2017-q2-update/bin/../lib/gcc/arm-none-eabi/6.3.1/thumb/v7e-m/fpv4-sp/softfp -L/usr/local/Caskroom/gcc-arm-embedded/6-2017-q2-update/gcc-arm-none-eabi-6-2017-q2-update/bin/../lib/gcc/arm-none-eabi/6.3.1/../../../../arm-none-eabi/lib/thumb/v7e-m/fpv4-sp/softfp -L/usr/local/Caskroom/gcc-arm-embedded/6-2017-q2-update/gcc-arm-none-eabi-6-2017-q2-update/bin/../arm-none-eabi/lib/thumb/v7e-m/fpv4-sp/softfp -L/usr/local/Caskroom/gcc-arm-embedded/6-2017-q2-update/gcc-arm-none-eabi-6-2017-q2-update/bin/../lib/gcc/arm-none-eabi/6.3.1 -L/usr/local/Caskroom/gcc-arm-embedded/6-2017-q2-update/gcc-arm-none-eabi-6-2017-q2-update/bin/../lib/gcc -L/usr/local/Caskroom/gcc-arm-embedded/6-2017-q2-update/gcc-arm-none-eabi-6-2017-q2-update/bin/../lib/gcc/arm-none-eabi/6.3.1/../../../../arm-none-eabi/lib -L/usr/local/Caskroom/gcc-arm-embedded/6-2017-q2-update/gcc-arm-none-eabi-6-2017-q2-update/bin/../arm-none-eabi/lib -search_paths_first -headerpad_max_install_names --gc-sections -v CMakeFiles/cmTC_a1ead.dir/CMakeCXXCompilerABI.cpp.o -lstdc++ -lm --start-group -lgcc -lc --end-group /usr/local/Caskroom/gcc-arm-embedded/6-2017-q2-update/gcc-arm-none-eabi-6-2017-q2-update/bin/../lib/gcc/arm-none-eabi/6.3.1/thumb/v7e-m/fpv4-sp/softfp/crtend.o /usr/local/Caskroom/gcc-arm-embedded/6-2017-q2-update/gcc-arm-none-eabi-6-2017-q2-update/bin/../lib/gcc/arm-none-eabi/6.3.1/thumb/v7e-m/fpv4-sp/softfp/crtn.o
collect2 version 6.3.1 20170620 (release) [ARM/embedded-6-branch revision 249437]
/usr/local/Caskroom/gcc-arm-embedded/6-2017-q2-update/gcc-arm-none-eabi-6-2017-q2-update/bin/../lib/gcc/arm-none-eabi/6.3.1/../../../../arm-none-eabi/bin/ld -plugin /usr/local/Caskroom/gcc-arm-embedded/6-2017-q2-update/gcc-arm-none-eabi-6-2017-q2-update/bin/../lib/gcc/arm-none-eabi/6.3.1/liblto_plugin.so -plugin-opt=/usr/local/Caskroom/gcc-arm-embedded/6-2017-q2-update/gcc-arm-none-eabi-6-2017-q2-update/bin/../lib/gcc/arm-none-eabi/6.3.1/lto-wrapper -plugin-opt=-fresolution=/var/folders/9c/gjxt7_nj7zvf3qx56p1qg8g00000gq/T//ccH1sRv1.res -plugin-opt=-pass-through=-lgcc -plugin-opt=-pass-through=-lc --sysroot=/usr/local/Caskroom/gcc-arm-embedded/6-2017-q2-update/gcc-arm-none-eabi-6-2017-q2-update/bin/../arm-none-eabi -X -o cmTC_a1ead /usr/local/Caskroom/gcc-arm-embedded/6-2017-q2-update/gcc-arm-none-eabi-6-2017-q2-update/bin/../lib/gcc/arm-none-eabi/6.3.1/thumb/v7e-m/fpv4-sp/softfp/crtfastmath.o /usr/local/Caskroom/gcc-arm-embedded/6-2017-q2-update/gcc-arm-none-eabi-6-2017-q2-update/bin/../lib/gcc/arm-none-eabi/6.3.1/thumb/v7e-m/fpv4-sp/softfp/crti.o /usr/local/Caskroom/gcc-arm-embedded/6-2017-q2-update/gcc-arm-none-eabi-6-2017-q2-update/bin/../lib/gcc/arm-none-eabi/6.3.1/thumb/v7e-m/fpv4-sp/softfp/crtbegin.o /usr/local/Caskroom/gcc-arm-embedded/6-2017-q2-update/gcc-arm-none-eabi-6-2017-q2-update/bin/../lib/gcc/arm-none-eabi/6.3.1/../../../../arm-none-eabi/lib/thumb/v7e-m/fpv4-sp/softfp/crt0.o -L/usr/local/Caskroom/gcc-arm-embedded/6-2017-q2-update/gcc-arm-none-eabi-6-2017-q2-update/bin/../lib/gcc/arm-none-eabi/6.3.1/thumb/v7e-m/fpv4-sp/softfp -L/usr/local/Caskroom/gcc-arm-embedded/6-2017-q2-update/gcc-arm-none-eabi-6-2017-q2-update/bin/../lib/gcc/arm-none-eabi/6.3.1/../../../../arm-none-eabi/lib/thumb/v7e-m/fpv4-sp/softfp -L/usr/local/Caskroom/gcc-arm-embedded/6-2017-q2-update/gcc-arm-none-eabi-6-2017-q2-update/bin/../arm-none-eabi/lib/thumb/v7e-m/fpv4-sp/softfp -L/usr/local/Caskroom/gcc-arm-embedded/6-2017-q2-update/gcc-arm-none-eabi-6-2017-q2-update/bin/../lib/gcc/arm-none-eabi/6.3.1 -L/usr/local/Caskroom/gcc-arm-embedded/6-2017-q2-update/gcc-arm-none-eabi-6-2017-q2-update/bin/../lib/gcc -L/usr/local/Caskroom/gcc-arm-embedded/6-2017-q2-update/gcc-arm-none-eabi-6-2017-q2-update/bin/../lib/gcc/arm-none-eabi/6.3.1/../../../../arm-none-eabi/lib -L/usr/local/Caskroom/gcc-arm-embedded/6-2017-q2-update/gcc-arm-none-eabi-6-2017-q2-update/bin/../arm-none-eabi/lib -search_paths_first -headerpad_max_install_names --gc-sections -v CMakeFiles/cmTC_a1ead.dir/CMakeCXXCompilerABI.cpp.o -lstdc++ -lm --start-group -lgcc -lc --end-group /usr/local/Caskroom/gcc-arm-embedded/6-2017-q2-update/gcc-arm-none-eabi-6-2017-q2-update/bin/../lib/gcc/arm-none-eabi/6.3.1/thumb/v7e-m/fpv4-sp/softfp/crtend.o /usr/local/Caskroom/gcc-arm-embedded/6-2017-q2-update/gcc-arm-none-eabi-6-2017-q2-update/bin/../lib/gcc/arm-none-eabi/6.3.1/thumb/v7e-m/fpv4-sp/softfp/crtn.o
GNU ld (GNU Tools for ARM Embedded Processors 6-2017-q2-update) 2.28.0.20170620/usr/local/Caskroom/gcc-arm-embedded/6-2017-q2-update/gcc-arm-none-eabi-6-2017-q2-update/bin/../lib/gcc/arm-none-eabi/6.3.1/../../../../arm-none-eabi/bin/ld: warning: cannot find entry symbol arch_paths_first; defaulting to 000000000000800c

COLLECT_GCC_OPTIONS='-mthumb' '-fno-builtin' '-mcpu=cortex-m4' '-mfpu=fpv4-sp-d16' '-mfloat-abi=softfp' '-Wall' '-std=c++11' '-ffunction-sections' '-fdata-sections' '-fomit-frame-pointer' '-mabi=aapcs' '-fno-unroll-loops' '-ffast-math' '-ftree-vectorize' '-mthumb' '-mcpu=cortex-m4' '-mfpu=fpv4-sp-d16' '-mfloat-abi=softfp' '-mabi=aapcs' '-v' '-o' 'cmTC_a1ead'


Parsed CXX implicit link information from above output:
  link line regex: [^( *|.*[/\])(ld|CMAKE_LINK_STARTFILE-NOTFOUND|([^/\]+-)?ld|collect2)[^/\]*( |$)]
  ignore line: [Change Dir: /Users/vagif/workspace/eclipse/cmaketest/CMakeFiles/CMakeTmp]
  ignore line: []
  ignore line: [Run Build Command:"/usr/bin/make" "cmTC_a1ead/fast"]
  ignore line: [/Library/Developer/CommandLineTools/usr/bin/make -f CMakeFiles/cmTC_a1ead.dir/build.make CMakeFiles/cmTC_a1ead.dir/build]
  ignore line: [Building CXX object CMakeFiles/cmTC_a1ead.dir/CMakeCXXCompilerABI.cpp.o]
  ignore line: [/usr/local/bin/arm-none-eabi-g++    -mthumb -fno-builtin -mcpu=cortex-m4 -mfpu=fpv4-sp-d16 -mfloat-abi=softfp -Wall -std=c++11 -ffunction-sections -fdata-sections -fomit-frame-pointer -mabi=aapcs -fno-unroll-loops -ffast-math -ftree-vectorize    -o CMakeFiles/cmTC_a1ead.dir/CMakeCXXCompilerABI.cpp.o -c /usr/local/Cellar/cmake/3.10.0/share/cmake/Modules/CMakeCXXCompilerABI.cpp]
  ignore line: [Linking CXX executable cmTC_a1ead]
  ignore line: [/usr/local/Cellar/cmake/3.10.0/bin/cmake -E cmake_link_script CMakeFiles/cmTC_a1ead.dir/link.txt --verbose=1]
  ignore line: [/usr/local/bin/arm-none-eabi-g++  -mthumb -fno-builtin -mcpu=cortex-m4 -mfpu=fpv4-sp-d16 -mfloat-abi=softfp -Wall -std=c++11 -ffunction-sections -fdata-sections -fomit-frame-pointer -mabi=aapcs -fno-unroll-loops -ffast-math -ftree-vectorize  -Wl,-search_paths_first -Wl,-headerpad_max_install_names -Wl,--gc-sections -mthumb -mcpu=cortex-m4 -mfpu=fpv4-sp-d16 -mfloat-abi=softfp -mabi=aapcs -v -Wl,-v CMakeFiles/cmTC_a1ead.dir/CMakeCXXCompilerABI.cpp.o  -o cmTC_a1ead ]
  ignore line: [Using built-in specs.]
  ignore line: [COLLECT_GCC=/usr/local/bin/arm-none-eabi-g++]
  ignore line: [COLLECT_LTO_WRAPPER=/usr/local/Caskroom/gcc-arm-embedded/6-2017-q2-update/gcc-arm-none-eabi-6-2017-q2-update/bin/../lib/gcc/arm-none-eabi/6.3.1/lto-wrapper]
  ignore line: [Target: arm-none-eabi]
  ignore line: [Configured with: /tmp/jenkins-GCC-6-build_build-toolchain-mac-262_20170621_1498074986/src/gcc/configure --target=arm-none-eabi --prefix=/tmp/jenkins-GCC-6-build_build-toolchain-mac-262_20170621_1498074986/install-native --libexecdir=/tmp/jenkins-GCC-6-build_build-toolchain-mac-262_20170621_1498074986/install-native/lib --infodir=/tmp/jenkins-GCC-6-build_build-toolchain-mac-262_20170621_1498074986/install-native/share/doc/gcc-arm-none-eabi/info --mandir=/tmp/jenkins-GCC-6-build_build-toolchain-mac-262_20170621_1498074986/install-native/share/doc/gcc-arm-none-eabi/man --htmldir=/tmp/jenkins-GCC-6-build_build-toolchain-mac-262_20170621_1498074986/install-native/share/doc/gcc-arm-none-eabi/html --pdfdir=/tmp/jenkins-GCC-6-build_build-toolchain-mac-262_20170621_1498074986/install-native/share/doc/gcc-arm-none-eabi/pdf --enable-languages=c,c++ --enable-plugins --disable-decimal-float --disable-libffi --disable-libgomp --disable-libmudflap --disable-libquadmath --disable-libssp --disable-libstdcxx-pch --disable-nls --disable-shared --disable-threads --disable-tls --with-gnu-as --with-gnu-ld --with-newlib --with-headers=yes --with-python-dir=share/gcc-arm-none-eabi --with-sysroot=/tmp/jenkins-GCC-6-build_build-toolchain-mac-262_20170621_1498074986/install-native/arm-none-eabi --build=x86_64-apple-darwin10 --host=x86_64-apple-darwin10 --with-gmp=/tmp/jenkins-GCC-6-build_build-toolchain-mac-262_20170621_1498074986/build-native/host-libs/usr --with-mpfr=/tmp/jenkins-GCC-6-build_build-toolchain-mac-262_20170621_1498074986/build-native/host-libs/usr --with-mpc=/tmp/jenkins-GCC-6-build_build-toolchain-mac-262_20170621_1498074986/build-native/host-libs/usr --with-isl=/tmp/jenkins-GCC-6-build_build-toolchain-mac-262_20170621_1498074986/build-native/host-libs/usr --with-libelf=/tmp/jenkins-GCC-6-build_build-toolchain-mac-262_20170621_1498074986/build-native/host-libs/usr --with-host-libstdcxx='-static-libgcc -Wl,-lstdc++ -lm' --with-pkgversion='GNU Tools for ARM Embedded Processors 6-2017-q2-update' --with-multilib-list=rmprofile]
  ignore line: [Thread model: single]
  ignore line: [gcc version 6.3.1 20170620 (release) [ARM/embedded-6-branch revision 249437] (GNU Tools for ARM Embedded Processors 6-2017-q2-update) ]
  ignore line: [COMPILER_PATH=/usr/local/Caskroom/gcc-arm-embedded/6-2017-q2-update/gcc-arm-none-eabi-6-2017-q2-update/bin/../lib/gcc/arm-none-eabi/6.3.1/:/usr/local/Caskroom/gcc-arm-embedded/6-2017-q2-update/gcc-arm-none-eabi-6-2017-q2-update/bin/../lib/gcc/:/usr/local/Caskroom/gcc-arm-embedded/6-2017-q2-update/gcc-arm-none-eabi-6-2017-q2-update/bin/../lib/gcc/arm-none-eabi/6.3.1/../../../../arm-none-eabi/bin/]
  ignore line: [LIBRARY_PATH=/usr/local/Caskroom/gcc-arm-embedded/6-2017-q2-update/gcc-arm-none-eabi-6-2017-q2-update/bin/../lib/gcc/arm-none-eabi/6.3.1/thumb/v7e-m/fpv4-sp/softfp/:/usr/local/Caskroom/gcc-arm-embedded/6-2017-q2-update/gcc-arm-none-eabi-6-2017-q2-update/bin/../lib/gcc/arm-none-eabi/6.3.1/../../../../arm-none-eabi/lib/thumb/v7e-m/fpv4-sp/softfp/:/usr/local/Caskroom/gcc-arm-embedded/6-2017-q2-update/gcc-arm-none-eabi-6-2017-q2-update/bin/../arm-none-eabi/lib/thumb/v7e-m/fpv4-sp/softfp/:/usr/local/Caskroom/gcc-arm-embedded/6-2017-q2-update/gcc-arm-none-eabi-6-2017-q2-update/bin/../lib/gcc/arm-none-eabi/6.3.1/:/usr/local/Caskroom/gcc-arm-embedded/6-2017-q2-update/gcc-arm-none-eabi-6-2017-q2-update/bin/../lib/gcc/:/usr/local/Caskroom/gcc-arm-embedded/6-2017-q2-update/gcc-arm-none-eabi-6-2017-q2-update/bin/../lib/gcc/arm-none-eabi/6.3.1/../../../../arm-none-eabi/lib/:/usr/local/Caskroom/gcc-arm-embedded/6-2017-q2-update/gcc-arm-none-eabi-6-2017-q2-update/bin/../arm-none-eabi/lib/]
  ignore line: [COLLECT_GCC_OPTIONS='-mthumb' '-fno-builtin' '-mcpu=cortex-m4' '-mfpu=fpv4-sp-d16' '-mfloat-abi=softfp' '-Wall' '-std=c++11' '-ffunction-sections' '-fdata-sections' '-fomit-frame-pointer' '-mabi=aapcs' '-fno-unroll-loops' '-ffast-math' '-ftree-vectorize' '-mthumb' '-mcpu=cortex-m4' '-mfpu=fpv4-sp-d16' '-mfloat-abi=softfp' '-mabi=aapcs' '-v' '-o' 'cmTC_a1ead']
  link line: [ /usr/local/Caskroom/gcc-arm-embedded/6-2017-q2-update/gcc-arm-none-eabi-6-2017-q2-update/bin/../lib/gcc/arm-none-eabi/6.3.1/collect2 -plugin /usr/local/Caskroom/gcc-arm-embedded/6-2017-q2-update/gcc-arm-none-eabi-6-2017-q2-update/bin/../lib/gcc/arm-none-eabi/6.3.1/liblto_plugin.so -plugin-opt=/usr/local/Caskroom/gcc-arm-embedded/6-2017-q2-update/gcc-arm-none-eabi-6-2017-q2-update/bin/../lib/gcc/arm-none-eabi/6.3.1/lto-wrapper -plugin-opt=-fresolution=/var/folders/9c/gjxt7_nj7zvf3qx56p1qg8g00000gq/T//ccH1sRv1.res -plugin-opt=-pass-through=-lgcc -plugin-opt=-pass-through=-lc --sysroot=/usr/local/Caskroom/gcc-arm-embedded/6-2017-q2-update/gcc-arm-none-eabi-6-2017-q2-update/bin/../arm-none-eabi -X -o cmTC_a1ead /usr/local/Caskroom/gcc-arm-embedded/6-2017-q2-update/gcc-arm-none-eabi-6-2017-q2-update/bin/../lib/gcc/arm-none-eabi/6.3.1/thumb/v7e-m/fpv4-sp/softfp/crtfastmath.o /usr/local/Caskroom/gcc-arm-embedded/6-2017-q2-update/gcc-arm-none-eabi-6-2017-q2-update/bin/../lib/gcc/arm-none-eabi/6.3.1/thumb/v7e-m/fpv4-sp/softfp/crti.o /usr/local/Caskroom/gcc-arm-embedded/6-2017-q2-update/gcc-arm-none-eabi-6-2017-q2-update/bin/../lib/gcc/arm-none-eabi/6.3.1/thumb/v7e-m/fpv4-sp/softfp/crtbegin.o /usr/local/Caskroom/gcc-arm-embedded/6-2017-q2-update/gcc-arm-none-eabi-6-2017-q2-update/bin/../lib/gcc/arm-none-eabi/6.3.1/../../../../arm-none-eabi/lib/thumb/v7e-m/fpv4-sp/softfp/crt0.o -L/usr/local/Caskroom/gcc-arm-embedded/6-2017-q2-update/gcc-arm-none-eabi-6-2017-q2-update/bin/../lib/gcc/arm-none-eabi/6.3.1/thumb/v7e-m/fpv4-sp/softfp -L/usr/local/Caskroom/gcc-arm-embedded/6-2017-q2-update/gcc-arm-none-eabi-6-2017-q2-update/bin/../lib/gcc/arm-none-eabi/6.3.1/../../../../arm-none-eabi/lib/thumb/v7e-m/fpv4-sp/softfp -L/usr/local/Caskroom/gcc-arm-embedded/6-2017-q2-update/gcc-arm-none-eabi-6-2017-q2-update/bin/../arm-none-eabi/lib/thumb/v7e-m/fpv4-sp/softfp -L/usr/local/Caskroom/gcc-arm-embedded/6-2017-q2-update/gcc-arm-none-eabi-6-2017-q2-update/bin/../lib/gcc/arm-none-eabi/6.3.1 -L/usr/local/Caskroom/gcc-arm-embedded/6-2017-q2-update/gcc-arm-none-eabi-6-2017-q2-update/bin/../lib/gcc -L/usr/local/Caskroom/gcc-arm-embedded/6-2017-q2-update/gcc-arm-none-eabi-6-2017-q2-update/bin/../lib/gcc/arm-none-eabi/6.3.1/../../../../arm-none-eabi/lib -L/usr/local/Caskroom/gcc-arm-embedded/6-2017-q2-update/gcc-arm-none-eabi-6-2017-q2-update/bin/../arm-none-eabi/lib -search_paths_first -headerpad_max_install_names --gc-sections -v CMakeFiles/cmTC_a1ead.dir/CMakeCXXCompilerABI.cpp.o -lstdc++ -lm --start-group -lgcc -lc --end-group /usr/local/Caskroom/gcc-arm-embedded/6-2017-q2-update/gcc-arm-none-eabi-6-2017-q2-update/bin/../lib/gcc/arm-none-eabi/6.3.1/thumb/v7e-m/fpv4-sp/softfp/crtend.o /usr/local/Caskroom/gcc-arm-embedded/6-2017-q2-update/gcc-arm-none-eabi-6-2017-q2-update/bin/../lib/gcc/arm-none-eabi/6.3.1/thumb/v7e-m/fpv4-sp/softfp/crtn.o]
    arg [/usr/local/Caskroom/gcc-arm-embedded/6-2017-q2-update/gcc-arm-none-eabi-6-2017-q2-update/bin/../lib/gcc/arm-none-eabi/6.3.1/collect2] ==> ignore
    arg [-plugin] ==> ignore
    arg [/usr/local/Caskroom/gcc-arm-embedded/6-2017-q2-update/gcc-arm-none-eabi-6-2017-q2-update/bin/../lib/gcc/arm-none-eabi/6.3.1/liblto_plugin.so] ==> ignore
    arg [-plugin-opt=/usr/local/Caskroom/gcc-arm-embedded/6-2017-q2-update/gcc-arm-none-eabi-6-2017-q2-update/bin/../lib/gcc/arm-none-eabi/6.3.1/lto-wrapper] ==> ignore
    arg [-plugin-opt=-fresolution=/var/folders/9c/gjxt7_nj7zvf3qx56p1qg8g00000gq/T//ccH1sRv1.res] ==> ignore
    arg [-plugin-opt=-pass-through=-lgcc] ==> ignore
    arg [-plugin-opt=-pass-through=-lc] ==> ignore
    arg [--sysroot=/usr/local/Caskroom/gcc-arm-embedded/6-2017-q2-update/gcc-arm-none-eabi-6-2017-q2-update/bin/../arm-none-eabi] ==> ignore
    arg [-X] ==> ignore
    arg [-o] ==> ignore
    arg [cmTC_a1ead] ==> ignore
    arg [/usr/local/Caskroom/gcc-arm-embedded/6-2017-q2-update/gcc-arm-none-eabi-6-2017-q2-update/bin/../lib/gcc/arm-none-eabi/6.3.1/thumb/v7e-m/fpv4-sp/softfp/crtfastmath.o] ==> ignore
    arg [/usr/local/Caskroom/gcc-arm-embedded/6-2017-q2-update/gcc-arm-none-eabi-6-2017-q2-update/bin/../lib/gcc/arm-none-eabi/6.3.1/thumb/v7e-m/fpv4-sp/softfp/crti.o] ==> ignore
    arg [/usr/local/Caskroom/gcc-arm-embedded/6-2017-q2-update/gcc-arm-none-eabi-6-2017-q2-update/bin/../lib/gcc/arm-none-eabi/6.3.1/thumb/v7e-m/fpv4-sp/softfp/crtbegin.o] ==> ignore
    arg [/usr/local/Caskroom/gcc-arm-embedded/6-2017-q2-update/gcc-arm-none-eabi-6-2017-q2-update/bin/../lib/gcc/arm-none-eabi/6.3.1/../../../../arm-none-eabi/lib/thumb/v7e-m/fpv4-sp/softfp/crt0.o] ==> ignore
    arg [-L/usr/local/Caskroom/gcc-arm-embedded/6-2017-q2-update/gcc-arm-none-eabi-6-2017-q2-update/bin/../lib/gcc/arm-none-eabi/6.3.1/thumb/v7e-m/fpv4-sp/softfp] ==> dir [/usr/local/Caskroom/gcc-arm-embedded/6-2017-q2-update/gcc-arm-none-eabi-6-2017-q2-update/bin/../lib/gcc/arm-none-eabi/6.3.1/thumb/v7e-m/fpv4-sp/softfp]
    arg [-L/usr/local/Caskroom/gcc-arm-embedded/6-2017-q2-update/gcc-arm-none-eabi-6-2017-q2-update/bin/../lib/gcc/arm-none-eabi/6.3.1/../../../../arm-none-eabi/lib/thumb/v7e-m/fpv4-sp/softfp] ==> dir [/usr/local/Caskroom/gcc-arm-embedded/6-2017-q2-update/gcc-arm-none-eabi-6-2017-q2-update/bin/../lib/gcc/arm-none-eabi/6.3.1/../../../../arm-none-eabi/lib/thumb/v7e-m/fpv4-sp/softfp]
    arg [-L/usr/local/Caskroom/gcc-arm-embedded/6-2017-q2-update/gcc-arm-none-eabi-6-2017-q2-update/bin/../arm-none-eabi/lib/thumb/v7e-m/fpv4-sp/softfp] ==> dir [/usr/local/Caskroom/gcc-arm-embedded/6-2017-q2-update/gcc-arm-none-eabi-6-2017-q2-update/bin/../arm-none-eabi/lib/thumb/v7e-m/fpv4-sp/softfp]
    arg [-L/usr/local/Caskroom/gcc-arm-embedded/6-2017-q2-update/gcc-arm-none-eabi-6-2017-q2-update/bin/../lib/gcc/arm-none-eabi/6.3.1] ==> dir [/usr/local/Caskroom/gcc-arm-embedded/6-2017-q2-update/gcc-arm-none-eabi-6-2017-q2-update/bin/../lib/gcc/arm-none-eabi/6.3.1]
    arg [-L/usr/local/Caskroom/gcc-arm-embedded/6-2017-q2-update/gcc-arm-none-eabi-6-2017-q2-update/bin/../lib/gcc] ==> dir [/usr/local/Caskroom/gcc-arm-embedded/6-2017-q2-update/gcc-arm-none-eabi-6-2017-q2-update/bin/../lib/gcc]
    arg [-L/usr/local/Caskroom/gcc-arm-embedded/6-2017-q2-update/gcc-arm-none-eabi-6-2017-q2-update/bin/../lib/gcc/arm-none-eabi/6.3.1/../../../../arm-none-eabi/lib] ==> dir [/usr/local/Caskroom/gcc-arm-embedded/6-2017-q2-update/gcc-arm-none-eabi-6-2017-q2-update/bin/../lib/gcc/arm-none-eabi/6.3.1/../../../../arm-none-eabi/lib]
    arg [-L/usr/local/Caskroom/gcc-arm-embedded/6-2017-q2-update/gcc-arm-none-eabi-6-2017-q2-update/bin/../arm-none-eabi/lib] ==> dir [/usr/local/Caskroom/gcc-arm-embedded/6-2017-q2-update/gcc-arm-none-eabi-6-2017-q2-update/bin/../arm-none-eabi/lib]
    arg [-search_paths_first] ==> ignore
    arg [-headerpad_max_install_names] ==> ignore
    arg [--gc-sections] ==> ignore
    arg [-v] ==> ignore
    arg [CMakeFiles/cmTC_a1ead.dir/CMakeCXXCompilerABI.cpp.o] ==> ignore
    arg [-lstdc++] ==> lib [stdc++]
    arg [-lm] ==> lib [m]
    arg [--start-group] ==> ignore
    arg [-lgcc] ==> lib [gcc]
    arg [-lc] ==> lib [c]
    arg [--end-group] ==> ignore
    arg [/usr/local/Caskroom/gcc-arm-embedded/6-2017-q2-update/gcc-arm-none-eabi-6-2017-q2-update/bin/../lib/gcc/arm-none-eabi/6.3.1/thumb/v7e-m/fpv4-sp/softfp/crtend.o] ==> ignore
    arg [/usr/local/Caskroom/gcc-arm-embedded/6-2017-q2-update/gcc-arm-none-eabi-6-2017-q2-update/bin/../lib/gcc/arm-none-eabi/6.3.1/thumb/v7e-m/fpv4-sp/softfp/crtn.o] ==> ignore
  collapse library dir [/usr/local/Caskroom/gcc-arm-embedded/6-2017-q2-update/gcc-arm-none-eabi-6-2017-q2-update/bin/../lib/gcc/arm-none-eabi/6.3.1/thumb/v7e-m/fpv4-sp/softfp] ==> [/usr/local/Caskroom/gcc-arm-embedded/6-2017-q2-update/gcc-arm-none-eabi-6-2017-q2-update/lib/gcc/arm-none-eabi/6.3.1/thumb/v7e-m/fpv4-sp/softfp]
  collapse library dir [/usr/local/Caskroom/gcc-arm-embedded/6-2017-q2-update/gcc-arm-none-eabi-6-2017-q2-update/bin/../lib/gcc/arm-none-eabi/6.3.1/../../../../arm-none-eabi/lib/thumb/v7e-m/fpv4-sp/softfp] ==> [/usr/local/Caskroom/gcc-arm-embedded/6-2017-q2-update/gcc-arm-none-eabi-6-2017-q2-update/arm-none-eabi/lib/thumb/v7e-m/fpv4-sp/softfp]
  collapse library dir [/usr/local/Caskroom/gcc-arm-embedded/6-2017-q2-update/gcc-arm-none-eabi-6-2017-q2-update/bin/../arm-none-eabi/lib/thumb/v7e-m/fpv4-sp/softfp] ==> [/usr/local/Caskroom/gcc-arm-embedded/6-2017-q2-update/gcc-arm-none-eabi-6-2017-q2-update/arm-none-eabi/lib/thumb/v7e-m/fpv4-sp/softfp]
  collapse library dir [/usr/local/Caskroom/gcc-arm-embedded/6-2017-q2-update/gcc-arm-none-eabi-6-2017-q2-update/bin/../lib/gcc/arm-none-eabi/6.3.1] ==> [/usr/local/Caskroom/gcc-arm-embedded/6-2017-q2-update/gcc-arm-none-eabi-6-2017-q2-update/lib/gcc/arm-none-eabi/6.3.1]
  collapse library dir [/usr/local/Caskroom/gcc-arm-embedded/6-2017-q2-update/gcc-arm-none-eabi-6-2017-q2-update/bin/../lib/gcc] ==> [/usr/local/Caskroom/gcc-arm-embedded/6-2017-q2-update/gcc-arm-none-eabi-6-2017-q2-update/lib/gcc]
  collapse library dir [/usr/local/Caskroom/gcc-arm-embedded/6-2017-q2-update/gcc-arm-none-eabi-6-2017-q2-update/bin/../lib/gcc/arm-none-eabi/6.3.1/../../../../arm-none-eabi/lib] ==> [/usr/local/Caskroom/gcc-arm-embedded/6-2017-q2-update/gcc-arm-none-eabi-6-2017-q2-update/arm-none-eabi/lib]
  collapse library dir [/usr/local/Caskroom/gcc-arm-embedded/6-2017-q2-update/gcc-arm-none-eabi-6-2017-q2-update/bin/../arm-none-eabi/lib] ==> [/usr/local/Caskroom/gcc-arm-embedded/6-2017-q2-update/gcc-arm-none-eabi-6-2017-q2-update/arm-none-eabi/lib]
  implicit libs: [stdc++;m;gcc;c]
  implicit dirs: [/usr/local/Caskroom/gcc-arm-embedded/6-2017-q2-update/gcc-arm-none-eabi-6-2017-q2-update/lib/gcc/arm-none-eabi/6.3.1/thumb/v7e-m/fpv4-sp/softfp;/usr/local/Caskroom/gcc-arm-embedded/6-2017-q2-update/gcc-arm-none-eabi-6-2017-q2-update/arm-none-eabi/lib/thumb/v7e-m/fpv4-sp/softfp;/usr/local/Caskroom/gcc-arm-embedded/6-2017-q2-update/gcc-arm-none-eabi-6-2017-q2-update/lib/gcc/arm-none-eabi/6.3.1;/usr/local/Caskroom/gcc-arm-embedded/6-2017-q2-update/gcc-arm-none-eabi-6-2017-q2-update/lib/gcc;/usr/local/Caskroom/gcc-arm-embedded/6-2017-q2-update/gcc-arm-none-eabi-6-2017-q2-update/arm-none-eabi/lib]
  implicit fwks: []




Detecting CXX [-std=c++1z] compiler features compiled with the following output:
Change Dir: /Users/vagif/workspace/eclipse/cmaketest/CMakeFiles/CMakeTmp

Run Build Command:"/usr/bin/make" "cmTC_a41e1/fast"
/Library/Developer/CommandLineTools/usr/bin/make -f CMakeFiles/cmTC_a41e1.dir/build.make CMakeFiles/cmTC_a41e1.dir/build
Building CXX object CMakeFiles/cmTC_a41e1.dir/feature_tests.cxx.o
/usr/local/bin/arm-none-eabi-g++    -mthumb -fno-builtin -mcpu=cortex-m4 -mfpu=fpv4-sp-d16 -mfloat-abi=softfp -Wall -std=c++11 -ffunction-sections -fdata-sections -fomit-frame-pointer -mabi=aapcs -fno-unroll-loops -ffast-math -ftree-vectorize    -std=c++1z -o CMakeFiles/cmTC_a41e1.dir/feature_tests.cxx.o -c /Users/vagif/workspace/eclipse/cmaketest/CMakeFiles/feature_tests.cxx
Linking CXX executable cmTC_a41e1
/usr/local/Cellar/cmake/3.10.0/bin/cmake -E cmake_link_script CMakeFiles/cmTC_a41e1.dir/link.txt --verbose=1
/usr/local/bin/arm-none-eabi-g++  -mthumb -fno-builtin -mcpu=cortex-m4 -mfpu=fpv4-sp-d16 -mfloat-abi=softfp -Wall -std=c++11 -ffunction-sections -fdata-sections -fomit-frame-pointer -mabi=aapcs -fno-unroll-loops -ffast-math -ftree-vectorize  -Wl,-search_paths_first -Wl,-headerpad_max_install_names -Wl,--gc-sections -mthumb -mcpu=cortex-m4 -mfpu=fpv4-sp-d16 -mfloat-abi=softfp -mabi=aapcs  CMakeFiles/cmTC_a41e1.dir/feature_tests.cxx.o  -o cmTC_a41e1 
/usr/local/Caskroom/gcc-arm-embedded/6-2017-q2-update/gcc-arm-none-eabi-6-2017-q2-update/bin/../lib/gcc/arm-none-eabi/6.3.1/../../../../arm-none-eabi/bin/ld: warning: cannot find entry symbol arch_paths_first; defaulting to 000000000000800c




Detecting CXX [-std=c++14] compiler features compiled with the following output:
Change Dir: /Users/vagif/workspace/eclipse/cmaketest/CMakeFiles/CMakeTmp

Run Build Command:"/usr/bin/make" "cmTC_2d203/fast"
/Library/Developer/CommandLineTools/usr/bin/make -f CMakeFiles/cmTC_2d203.dir/build.make CMakeFiles/cmTC_2d203.dir/build
Building CXX object CMakeFiles/cmTC_2d203.dir/feature_tests.cxx.o
/usr/local/bin/arm-none-eabi-g++    -mthumb -fno-builtin -mcpu=cortex-m4 -mfpu=fpv4-sp-d16 -mfloat-abi=softfp -Wall -std=c++11 -ffunction-sections -fdata-sections -fomit-frame-pointer -mabi=aapcs -fno-unroll-loops -ffast-math -ftree-vectorize    -std=c++14 -o CMakeFiles/cmTC_2d203.dir/feature_tests.cxx.o -c /Users/vagif/workspace/eclipse/cmaketest/CMakeFiles/feature_tests.cxx
Linking CXX executable cmTC_2d203
/usr/local/Cellar/cmake/3.10.0/bin/cmake -E cmake_link_script CMakeFiles/cmTC_2d203.dir/link.txt --verbose=1
/usr/local/bin/arm-none-eabi-g++  -mthumb -fno-builtin -mcpu=cortex-m4 -mfpu=fpv4-sp-d16 -mfloat-abi=softfp -Wall -std=c++11 -ffunction-sections -fdata-sections -fomit-frame-pointer -mabi=aapcs -fno-unroll-loops -ffast-math -ftree-vectorize  -Wl,-search_paths_first -Wl,-headerpad_max_install_names -Wl,--gc-sections -mthumb -mcpu=cortex-m4 -mfpu=fpv4-sp-d16 -mfloat-abi=softfp -mabi=aapcs  CMakeFiles/cmTC_2d203.dir/feature_tests.cxx.o  -o cmTC_2d203 
/usr/local/Caskroom/gcc-arm-embedded/6-2017-q2-update/gcc-arm-none-eabi-6-2017-q2-update/bin/../lib/gcc/arm-none-eabi/6.3.1/../../../../arm-none-eabi/bin/ld: warning: cannot find entry symbol arch_paths_first; defaulting to 000000000000800c




Detecting CXX [-std=c++11] compiler features compiled with the following output:
Change Dir: /Users/vagif/workspace/eclipse/cmaketest/CMakeFiles/CMakeTmp

Run Build Command:"/usr/bin/make" "cmTC_49e90/fast"
/Library/Developer/CommandLineTools/usr/bin/make -f CMakeFiles/cmTC_49e90.dir/build.make CMakeFiles/cmTC_49e90.dir/build
Building CXX object CMakeFiles/cmTC_49e90.dir/feature_tests.cxx.o
/usr/local/bin/arm-none-eabi-g++    -mthumb -fno-builtin -mcpu=cortex-m4 -mfpu=fpv4-sp-d16 -mfloat-abi=softfp -Wall -std=c++11 -ffunction-sections -fdata-sections -fomit-frame-pointer -mabi=aapcs -fno-unroll-loops -ffast-math -ftree-vectorize    -std=c++11 -o CMakeFiles/cmTC_49e90.dir/feature_tests.cxx.o -c /Users/vagif/workspace/eclipse/cmaketest/CMakeFiles/feature_tests.cxx
Linking CXX executable cmTC_49e90
/usr/local/Cellar/cmake/3.10.0/bin/cmake -E cmake_link_script CMakeFiles/cmTC_49e90.dir/link.txt --verbose=1
/usr/local/bin/arm-none-eabi-g++  -mthumb -fno-builtin -mcpu=cortex-m4 -mfpu=fpv4-sp-d16 -mfloat-abi=softfp -Wall -std=c++11 -ffunction-sections -fdata-sections -fomit-frame-pointer -mabi=aapcs -fno-unroll-loops -ffast-math -ftree-vectorize  -Wl,-search_paths_first -Wl,-headerpad_max_install_names -Wl,--gc-sections -mthumb -mcpu=cortex-m4 -mfpu=fpv4-sp-d16 -mfloat-abi=softfp -mabi=aapcs  CMakeFiles/cmTC_49e90.dir/feature_tests.cxx.o  -o cmTC_49e90 
/usr/local/Caskroom/gcc-arm-embedded/6-2017-q2-update/gcc-arm-none-eabi-6-2017-q2-update/bin/../lib/gcc/arm-none-eabi/6.3.1/../../../../arm-none-eabi/bin/ld: warning: cannot find entry symbol arch_paths_first; defaulting to 000000000000800c




Detecting CXX [-std=c++98] compiler features compiled with the following output:
Change Dir: /Users/vagif/workspace/eclipse/cmaketest/CMakeFiles/CMakeTmp

Run Build Command:"/usr/bin/make" "cmTC_3a8db/fast"
/Library/Developer/CommandLineTools/usr/bin/make -f CMakeFiles/cmTC_3a8db.dir/build.make CMakeFiles/cmTC_3a8db.dir/build
Building CXX object CMakeFiles/cmTC_3a8db.dir/feature_tests.cxx.o
/usr/local/bin/arm-none-eabi-g++    -mthumb -fno-builtin -mcpu=cortex-m4 -mfpu=fpv4-sp-d16 -mfloat-abi=softfp -Wall -std=c++11 -ffunction-sections -fdata-sections -fomit-frame-pointer -mabi=aapcs -fno-unroll-loops -ffast-math -ftree-vectorize    -std=c++98 -o CMakeFiles/cmTC_3a8db.dir/feature_tests.cxx.o -c /Users/vagif/workspace/eclipse/cmaketest/CMakeFiles/feature_tests.cxx
Linking CXX executable cmTC_3a8db
/usr/local/Cellar/cmake/3.10.0/bin/cmake -E cmake_link_script CMakeFiles/cmTC_3a8db.dir/link.txt --verbose=1
/usr/local/bin/arm-none-eabi-g++  -mthumb -fno-builtin -mcpu=cortex-m4 -mfpu=fpv4-sp-d16 -mfloat-abi=softfp -Wall -std=c++11 -ffunction-sections -fdata-sections -fomit-frame-pointer -mabi=aapcs -fno-unroll-loops -ffast-math -ftree-vectorize  -Wl,-search_paths_first -Wl,-headerpad_max_install_names -Wl,--gc-sections -mthumb -mcpu=cortex-m4 -mfpu=fpv4-sp-d16 -mfloat-abi=softfp -mabi=aapcs  CMakeFiles/cmTC_3a8db.dir/feature_tests.cxx.o  -o cmTC_3a8db 
/usr/local/Caskroom/gcc-arm-embedded/6-2017-q2-update/gcc-arm-none-eabi-6-2017-q2-update/bin/../lib/gcc/arm-none-eabi/6.3.1/../../../../arm-none-eabi/bin/ld: warning: cannot find entry symbol arch_paths_first; defaulting to 000000000000800c


Checking whether the ASM compiler is GNU using "--version" matched "(GNU assembler)|(GCC)|(Free Software Foundation)":
arm-none-eabi-gcc (GNU Tools for ARM Embedded Processors 6-2017-q2-update) 6.3.1 20170620 (release) [ARM/embedded-6-branch revision 249437]
Copyright (C) 2016 Free Software Foundation, Inc.
This is free software; see the source for copying conditions.  There is NO
warranty; not even for MERCHANTABILITY or FITNESS FOR A PARTICULAR PURPOSE.

